
*** Running vivado
    with args -log design_2_multiplier_proj_0_0.vds -m64 -product Vivado -mode batch -messageDb vivado.pb -notrace -source design_2_multiplier_proj_0_0.tcl


****** Vivado v2021.2 (64-bit)
  **** SW Build 3367213 on Tue Oct 19 02:47:39 MDT 2021
  **** IP Build 3369179 on Thu Oct 21 08:25:16 MDT 2021
    ** Copyright 1986-2021 Xilinx, Inc. All Rights Reserved.

source design_2_multiplier_proj_0_0.tcl -notrace
INFO: [IP_Flow 19-234] Refreshing IP repositories
INFO: [IP_Flow 19-1700] Loaded user IP repository '/home/chris/workspace/sp22-e520-lab-assignment7-ychen0223/ip_repo/multiplier_proj_1.0'.
INFO: [IP_Flow 19-1700] Loaded user IP repository '/home/chris/workspace/sp22-e520-lab-assignment7-ychen0223/ip_repo/my_multiplier_1.0'.
INFO: [IP_Flow 19-1700] Loaded user IP repository '/home/chris/workspace/sp22-e520-lab-assignment7-ychen0223/ip_repo/my_mult_ip_1.0'.
WARNING: [IP_Flow 19-2207] Repository '/home/chris/workspace/sp22-e520-lab-assignment7-ychen0223/ip_repo/my_mult_ip_1.0' already exists; ignoring attempt to add it again.
INFO: [IP_Flow 19-1700] Loaded user IP repository '/home/chris/workspace/sp22-e520-lab-assignment7-ychen0223/ip_repo/my_mult_ip_1.0'.
INFO: [IP_Flow 19-2313] Loaded Vivado IP repository '/home/chris/Vivado/2021.2/data/ip'.
Command: synth_design -top design_2_multiplier_proj_0_0 -part xc7z020clg400-1 -mode out_of_context
Starting synth_design
Attempting to get a license for feature 'Synthesis' and/or device 'xc7z020'
INFO: [Common 17-349] Got license for feature 'Synthesis' and/or device 'xc7z020'
INFO: [Device 21-403] Loading part xc7z020clg400-1
INFO: [Synth 8-7079] Multithreading enabled for synth_design using a maximum of 4 processes.
INFO: [Synth 8-7078] Launching helper process for spawning children vivado processes
INFO: [Synth 8-7075] Helper process launched with PID 6450
---------------------------------------------------------------------------------
Starting RTL Elaboration : Time (s): cpu = 00:00:03 ; elapsed = 00:00:03 . Memory (MB): peak = 2748.152 ; gain = 0.000 ; free physical = 3231 ; free virtual = 9099
---------------------------------------------------------------------------------
INFO: [Synth 8-638] synthesizing module 'design_2_multiplier_proj_0_0' [/home/chris/workspace/sp22-e520-lab-assignment7-ychen0223/part3/project_part3.gen/sources_1/bd/design_2/ip/design_2_multiplier_proj_0_0/synth/design_2_multiplier_proj_0_0.vhd:82]
	Parameter C_S00_AXI_DATA_WIDTH bound to: 32 - type: integer 
	Parameter C_S00_AXI_ADDR_WIDTH bound to: 4 - type: integer 
INFO: [Synth 8-3491] module 'multiplier_proj_v1_0' declared at '/home/chris/workspace/sp22-e520-lab-assignment7-ychen0223/part3/project_part3.gen/sources_1/bd/design_2/ipshared/9c21/hdl/multiplier_proj_v1_0.vhd:5' bound to instance 'U0' of component 'multiplier_proj_v1_0' [/home/chris/workspace/sp22-e520-lab-assignment7-ychen0223/part3/project_part3.gen/sources_1/bd/design_2/ip/design_2_multiplier_proj_0_0/synth/design_2_multiplier_proj_0_0.vhd:146]
INFO: [Synth 8-638] synthesizing module 'multiplier_proj_v1_0' [/home/chris/workspace/sp22-e520-lab-assignment7-ychen0223/part3/project_part3.gen/sources_1/bd/design_2/ipshared/9c21/hdl/multiplier_proj_v1_0.vhd:49]
	Parameter C_S_AXI_DATA_WIDTH bound to: 32 - type: integer 
	Parameter C_S_AXI_ADDR_WIDTH bound to: 4 - type: integer 
INFO: [Synth 8-3491] module 'multiplier_proj_v1_0_S00_AXI' declared at '/home/chris/workspace/sp22-e520-lab-assignment7-ychen0223/part3/project_part3.gen/sources_1/bd/design_2/ipshared/9c21/hdl/multiplier_proj_v1_0_S00_AXI.vhd:5' bound to instance 'multiplier_proj_v1_0_S00_AXI_inst' of component 'multiplier_proj_v1_0_S00_AXI' [/home/chris/workspace/sp22-e520-lab-assignment7-ychen0223/part3/project_part3.gen/sources_1/bd/design_2/ipshared/9c21/hdl/multiplier_proj_v1_0.vhd:85]
INFO: [Synth 8-638] synthesizing module 'multiplier_proj_v1_0_S00_AXI' [/home/chris/workspace/sp22-e520-lab-assignment7-ychen0223/part3/project_part3.gen/sources_1/bd/design_2/ipshared/9c21/hdl/multiplier_proj_v1_0_S00_AXI.vhd:86]
INFO: [Synth 8-226] default block is never used [/home/chris/workspace/sp22-e520-lab-assignment7-ychen0223/part3/project_part3.gen/sources_1/bd/design_2/ipshared/9c21/hdl/multiplier_proj_v1_0_S00_AXI.vhd:234]
INFO: [Synth 8-226] default block is never used [/home/chris/workspace/sp22-e520-lab-assignment7-ychen0223/part3/project_part3.gen/sources_1/bd/design_2/ipshared/9c21/hdl/multiplier_proj_v1_0_S00_AXI.vhd:364]
INFO: [Synth 8-3491] module 'multiplier' declared at '/home/chris/workspace/sp22-e520-lab-assignment7-ychen0223/part3/project_part3.gen/sources_1/bd/design_2/ipshared/9c21/src/multiplier.vhd:6' bound to instance 'multiplier_0' of component 'multiplier' [/home/chris/workspace/sp22-e520-lab-assignment7-ychen0223/part3/project_part3.gen/sources_1/bd/design_2/ipshared/9c21/hdl/multiplier_proj_v1_0_S00_AXI.vhd:398]
INFO: [Synth 8-638] synthesizing module 'multiplier' [/home/chris/workspace/sp22-e520-lab-assignment7-ychen0223/part3/project_part3.gen/sources_1/bd/design_2/ipshared/9c21/src/multiplier.vhd:15]
INFO: [Synth 8-256] done synthesizing module 'multiplier' (1#1) [/home/chris/workspace/sp22-e520-lab-assignment7-ychen0223/part3/project_part3.gen/sources_1/bd/design_2/ipshared/9c21/src/multiplier.vhd:15]
WARNING: [Synth 8-6014] Unused sequential element slv_reg1_reg was removed.  [/home/chris/workspace/sp22-e520-lab-assignment7-ychen0223/part3/project_part3.gen/sources_1/bd/design_2/ipshared/9c21/hdl/multiplier_proj_v1_0_S00_AXI.vhd:228]
WARNING: [Synth 8-6014] Unused sequential element loc_addr_reg was removed.  [/home/chris/workspace/sp22-e520-lab-assignment7-ychen0223/part3/project_part3.gen/sources_1/bd/design_2/ipshared/9c21/hdl/multiplier_proj_v1_0_S00_AXI.vhd:232]
INFO: [Synth 8-256] done synthesizing module 'multiplier_proj_v1_0_S00_AXI' (2#1) [/home/chris/workspace/sp22-e520-lab-assignment7-ychen0223/part3/project_part3.gen/sources_1/bd/design_2/ipshared/9c21/hdl/multiplier_proj_v1_0_S00_AXI.vhd:86]
INFO: [Synth 8-256] done synthesizing module 'multiplier_proj_v1_0' (3#1) [/home/chris/workspace/sp22-e520-lab-assignment7-ychen0223/part3/project_part3.gen/sources_1/bd/design_2/ipshared/9c21/hdl/multiplier_proj_v1_0.vhd:49]
INFO: [Synth 8-256] done synthesizing module 'design_2_multiplier_proj_0_0' (4#1) [/home/chris/workspace/sp22-e520-lab-assignment7-ychen0223/part3/project_part3.gen/sources_1/bd/design_2/ip/design_2_multiplier_proj_0_0/synth/design_2_multiplier_proj_0_0.vhd:82]
WARNING: [Synth 8-7129] Port S_AXI_AWPROT[2] in module multiplier_proj_v1_0_S00_AXI is either unconnected or has no load
WARNING: [Synth 8-7129] Port S_AXI_AWPROT[1] in module multiplier_proj_v1_0_S00_AXI is either unconnected or has no load
WARNING: [Synth 8-7129] Port S_AXI_AWPROT[0] in module multiplier_proj_v1_0_S00_AXI is either unconnected or has no load
WARNING: [Synth 8-7129] Port S_AXI_ARPROT[2] in module multiplier_proj_v1_0_S00_AXI is either unconnected or has no load
WARNING: [Synth 8-7129] Port S_AXI_ARPROT[1] in module multiplier_proj_v1_0_S00_AXI is either unconnected or has no load
WARNING: [Synth 8-7129] Port S_AXI_ARPROT[0] in module multiplier_proj_v1_0_S00_AXI is either unconnected or has no load
---------------------------------------------------------------------------------
Finished RTL Elaboration : Time (s): cpu = 00:00:03 ; elapsed = 00:00:04 . Memory (MB): peak = 2748.152 ; gain = 0.000 ; free physical = 2836 ; free virtual = 8707
---------------------------------------------------------------------------------
---------------------------------------------------------------------------------
Start Handling Custom Attributes
---------------------------------------------------------------------------------
---------------------------------------------------------------------------------
Finished Handling Custom Attributes : Time (s): cpu = 00:00:04 ; elapsed = 00:00:04 . Memory (MB): peak = 2748.152 ; gain = 0.000 ; free physical = 2828 ; free virtual = 8699
---------------------------------------------------------------------------------
---------------------------------------------------------------------------------
Finished RTL Optimization Phase 1 : Time (s): cpu = 00:00:04 ; elapsed = 00:00:04 . Memory (MB): peak = 2748.152 ; gain = 0.000 ; free physical = 2828 ; free virtual = 8699
---------------------------------------------------------------------------------
Netlist sorting complete. Time (s): cpu = 00:00:00 ; elapsed = 00:00:00 . Memory (MB): peak = 2748.152 ; gain = 0.000 ; free physical = 2821 ; free virtual = 8693
INFO: [Project 1-570] Preparing netlist for logic optimization

Processing XDC Constraints
Initializing timing engine
Completed Processing XDC Constraints

Netlist sorting complete. Time (s): cpu = 00:00:00 ; elapsed = 00:00:00 . Memory (MB): peak = 2812.102 ; gain = 0.000 ; free physical = 3662 ; free virtual = 9544
INFO: [Project 1-111] Unisim Transformation Summary:
No Unisim elements were transformed.

Constraint Validation Runtime : Time (s): cpu = 00:00:00 ; elapsed = 00:00:00.02 . Memory (MB): peak = 2812.102 ; gain = 0.000 ; free physical = 3661 ; free virtual = 9544
---------------------------------------------------------------------------------
Finished Constraint Validation : Time (s): cpu = 00:00:08 ; elapsed = 00:00:09 . Memory (MB): peak = 2812.102 ; gain = 63.949 ; free physical = 3723 ; free virtual = 9605
---------------------------------------------------------------------------------
---------------------------------------------------------------------------------
Start Loading Part and Timing Information
---------------------------------------------------------------------------------
Loading part: xc7z020clg400-1
---------------------------------------------------------------------------------
Finished Loading Part and Timing Information : Time (s): cpu = 00:00:08 ; elapsed = 00:00:09 . Memory (MB): peak = 2812.102 ; gain = 63.949 ; free physical = 3723 ; free virtual = 9605
---------------------------------------------------------------------------------
---------------------------------------------------------------------------------
Start Applying 'set_property' XDC Constraints
---------------------------------------------------------------------------------
---------------------------------------------------------------------------------
Finished applying 'set_property' XDC Constraints : Time (s): cpu = 00:00:08 ; elapsed = 00:00:09 . Memory (MB): peak = 2812.102 ; gain = 63.949 ; free physical = 3726 ; free virtual = 9608
---------------------------------------------------------------------------------
---------------------------------------------------------------------------------
Finished RTL Optimization Phase 2 : Time (s): cpu = 00:00:08 ; elapsed = 00:00:09 . Memory (MB): peak = 2812.102 ; gain = 63.949 ; free physical = 3717 ; free virtual = 9600
---------------------------------------------------------------------------------
---------------------------------------------------------------------------------
Start RTL Component Statistics 
---------------------------------------------------------------------------------
Detailed RTL Component Info : 
+---Registers : 
	               32 Bit    Registers := 4     
	                4 Bit    Registers := 2     
	                2 Bit    Registers := 2     
	                1 Bit    Registers := 6     
+---Muxes : 
	   2 Input   32 Bit        Muxes := 3     
	   4 Input   32 Bit        Muxes := 4     
	   2 Input    1 Bit        Muxes := 5     
---------------------------------------------------------------------------------
Finished RTL Component Statistics 
---------------------------------------------------------------------------------
---------------------------------------------------------------------------------
Start Part Resource Summary
---------------------------------------------------------------------------------
Part Resources:
DSPs: 220 (col length:60)
BRAMs: 280 (col length: RAMB18 60 RAMB36 30)
---------------------------------------------------------------------------------
Finished Part Resource Summary
---------------------------------------------------------------------------------
---------------------------------------------------------------------------------
Start Cross Boundary and Area Optimization
---------------------------------------------------------------------------------
WARNING: [Synth 8-7080] Parallel synthesis criteria is not met
DSP Report: Generating DSP U0/multiplier_proj_v1_0_S00_AXI_inst/multiplier_0/p_reg, operation Mode is: (A*B)'.
DSP Report: register U0/multiplier_proj_v1_0_S00_AXI_inst/multiplier_0/p_reg is absorbed into DSP U0/multiplier_proj_v1_0_S00_AXI_inst/multiplier_0/p_reg.
DSP Report: operator U0/multiplier_proj_v1_0_S00_AXI_inst/multiplier_0/multOp is absorbed into DSP U0/multiplier_proj_v1_0_S00_AXI_inst/multiplier_0/p_reg.
WARNING: [Synth 8-7129] Port s00_axi_awprot[2] in module design_2_multiplier_proj_0_0 is either unconnected or has no load
WARNING: [Synth 8-7129] Port s00_axi_awprot[1] in module design_2_multiplier_proj_0_0 is either unconnected or has no load
WARNING: [Synth 8-7129] Port s00_axi_awprot[0] in module design_2_multiplier_proj_0_0 is either unconnected or has no load
WARNING: [Synth 8-7129] Port s00_axi_arprot[2] in module design_2_multiplier_proj_0_0 is either unconnected or has no load
WARNING: [Synth 8-7129] Port s00_axi_arprot[1] in module design_2_multiplier_proj_0_0 is either unconnected or has no load
WARNING: [Synth 8-7129] Port s00_axi_arprot[0] in module design_2_multiplier_proj_0_0 is either unconnected or has no load
---------------------------------------------------------------------------------
Finished Cross Boundary and Area Optimization : Time (s): cpu = 00:00:09 ; elapsed = 00:00:10 . Memory (MB): peak = 2812.102 ; gain = 63.949 ; free physical = 3706 ; free virtual = 9594
---------------------------------------------------------------------------------
---------------------------------------------------------------------------------
Start ROM, RAM, DSP, Shift Register and Retiming Reporting
---------------------------------------------------------------------------------

DSP: Preliminary Mapping Report (see note below. The ' indicates corresponding REG is set)
+------------+-------------+--------+--------+--------+--------+--------+------+------+------+------+-------+------+------+
|Module Name | DSP Mapping | A Size | B Size | C Size | D Size | P Size | AREG | BREG | CREG | DREG | ADREG | MREG | PREG | 
+------------+-------------+--------+--------+--------+--------+--------+------+------+------+------+-------+------+------+
|multiplier  | (A*B)'      | 16     | 16     | -      | -      | 32     | 0    | 0    | -    | -    | -     | 1    | 0    | 
+------------+-------------+--------+--------+--------+--------+--------+------+------+------+------+-------+------+------+

Note: The table above is a preliminary report that shows the DSPs inferred at the current stage of the synthesis flow. Some DSP may be reimplemented as non DSP primitives later in the synthesis flow. Multiple instantiated DSPs are reported only once.
---------------------------------------------------------------------------------
Finished ROM, RAM, DSP, Shift Register and Retiming Reporting
---------------------------------------------------------------------------------
---------------------------------------------------------------------------------
Start Applying XDC Timing Constraints
---------------------------------------------------------------------------------
---------------------------------------------------------------------------------
Finished Applying XDC Timing Constraints : Time (s): cpu = 00:00:13 ; elapsed = 00:00:14 . Memory (MB): peak = 2812.102 ; gain = 63.949 ; free physical = 3550 ; free virtual = 9445
---------------------------------------------------------------------------------
---------------------------------------------------------------------------------
Start Timing Optimization
---------------------------------------------------------------------------------
---------------------------------------------------------------------------------
Finished Timing Optimization : Time (s): cpu = 00:00:13 ; elapsed = 00:00:14 . Memory (MB): peak = 2812.102 ; gain = 63.949 ; free physical = 3550 ; free virtual = 9445
---------------------------------------------------------------------------------
---------------------------------------------------------------------------------
Start Technology Mapping
---------------------------------------------------------------------------------
---------------------------------------------------------------------------------
Finished Technology Mapping : Time (s): cpu = 00:00:13 ; elapsed = 00:00:14 . Memory (MB): peak = 2812.102 ; gain = 63.949 ; free physical = 3546 ; free virtual = 9441
---------------------------------------------------------------------------------
---------------------------------------------------------------------------------
Start IO Insertion
---------------------------------------------------------------------------------
---------------------------------------------------------------------------------
Start Flattening Before IO Insertion
---------------------------------------------------------------------------------
---------------------------------------------------------------------------------
Finished Flattening Before IO Insertion
---------------------------------------------------------------------------------
---------------------------------------------------------------------------------
Start Final Netlist Cleanup
---------------------------------------------------------------------------------
---------------------------------------------------------------------------------
Finished Final Netlist Cleanup
---------------------------------------------------------------------------------
---------------------------------------------------------------------------------
Finished IO Insertion : Time (s): cpu = 00:00:15 ; elapsed = 00:00:17 . Memory (MB): peak = 2812.102 ; gain = 63.949 ; free physical = 3546 ; free virtual = 9441
---------------------------------------------------------------------------------
---------------------------------------------------------------------------------
Start Renaming Generated Instances
---------------------------------------------------------------------------------
---------------------------------------------------------------------------------
Finished Renaming Generated Instances : Time (s): cpu = 00:00:15 ; elapsed = 00:00:17 . Memory (MB): peak = 2812.102 ; gain = 63.949 ; free physical = 3546 ; free virtual = 9441
---------------------------------------------------------------------------------
---------------------------------------------------------------------------------
Start Rebuilding User Hierarchy
---------------------------------------------------------------------------------
---------------------------------------------------------------------------------
Finished Rebuilding User Hierarchy : Time (s): cpu = 00:00:15 ; elapsed = 00:00:17 . Memory (MB): peak = 2812.102 ; gain = 63.949 ; free physical = 3546 ; free virtual = 9441
---------------------------------------------------------------------------------
---------------------------------------------------------------------------------
Start Renaming Generated Ports
---------------------------------------------------------------------------------
---------------------------------------------------------------------------------
Finished Renaming Generated Ports : Time (s): cpu = 00:00:15 ; elapsed = 00:00:17 . Memory (MB): peak = 2812.102 ; gain = 63.949 ; free physical = 3546 ; free virtual = 9441
---------------------------------------------------------------------------------
---------------------------------------------------------------------------------
Start Handling Custom Attributes
---------------------------------------------------------------------------------
---------------------------------------------------------------------------------
Finished Handling Custom Attributes : Time (s): cpu = 00:00:15 ; elapsed = 00:00:17 . Memory (MB): peak = 2812.102 ; gain = 63.949 ; free physical = 3546 ; free virtual = 9441
---------------------------------------------------------------------------------
---------------------------------------------------------------------------------
Start Renaming Generated Nets
---------------------------------------------------------------------------------
---------------------------------------------------------------------------------
Finished Renaming Generated Nets : Time (s): cpu = 00:00:15 ; elapsed = 00:00:17 . Memory (MB): peak = 2812.102 ; gain = 63.949 ; free physical = 3546 ; free virtual = 9441
---------------------------------------------------------------------------------
---------------------------------------------------------------------------------
Start Writing Synthesis Report
---------------------------------------------------------------------------------

Report BlackBoxes: 
+-+--------------+----------+
| |BlackBox name |Instances |
+-+--------------+----------+
+-+--------------+----------+

Report Cell Usage: 
+------+--------+------+
|      |Cell    |Count |
+------+--------+------+
|1     |DSP48E1 |     1|
|2     |LUT1    |     1|
|3     |LUT2    |     1|
|4     |LUT3    |     1|
|5     |LUT4    |    18|
|6     |LUT6    |    36|
|7     |FDRE    |   135|
|8     |FDSE    |     3|
+------+--------+------+
---------------------------------------------------------------------------------
Finished Writing Synthesis Report : Time (s): cpu = 00:00:15 ; elapsed = 00:00:17 . Memory (MB): peak = 2812.102 ; gain = 63.949 ; free physical = 3546 ; free virtual = 9441
---------------------------------------------------------------------------------
Synthesis finished with 0 errors, 0 critical warnings and 7 warnings.
Synthesis Optimization Runtime : Time (s): cpu = 00:00:14 ; elapsed = 00:00:15 . Memory (MB): peak = 2812.102 ; gain = 0.000 ; free physical = 3609 ; free virtual = 9504
Synthesis Optimization Complete : Time (s): cpu = 00:00:16 ; elapsed = 00:00:17 . Memory (MB): peak = 2812.102 ; gain = 63.949 ; free physical = 3609 ; free virtual = 9504
INFO: [Project 1-571] Translating synthesized netlist
Netlist sorting complete. Time (s): cpu = 00:00:00 ; elapsed = 00:00:00 . Memory (MB): peak = 2812.102 ; gain = 0.000 ; free physical = 3602 ; free virtual = 9498
INFO: [Netlist 29-17] Analyzing 1 Unisim elements for replacement
INFO: [Netlist 29-28] Unisim Transformation completed in 0 CPU seconds
INFO: [Project 1-570] Preparing netlist for logic optimization
INFO: [Opt 31-138] Pushed 0 inverter(s) to 0 load pin(s).
Netlist sorting complete. Time (s): cpu = 00:00:00 ; elapsed = 00:00:00 . Memory (MB): peak = 2812.102 ; gain = 0.000 ; free physical = 3629 ; free virtual = 9526
INFO: [Project 1-111] Unisim Transformation Summary:
No Unisim elements were transformed.

Synth Design complete, checksum: b442e596
INFO: [Common 17-83] Releasing license: Synthesis
33 Infos, 16 Warnings, 0 Critical Warnings and 0 Errors encountered.
synth_design completed successfully
synth_design: Time (s): cpu = 00:00:22 ; elapsed = 00:00:20 . Memory (MB): peak = 2812.102 ; gain = 64.031 ; free physical = 3834 ; free virtual = 9731
INFO: [Common 17-1381] The checkpoint '/home/chris/workspace/sp22-e520-lab-assignment7-ychen0223/part3/project_part3.runs/design_2_multiplier_proj_0_0_synth_1/design_2_multiplier_proj_0_0.dcp' has been generated.
INFO: [Coretcl 2-1648] Added synthesis output to IP cache for IP design_2_multiplier_proj_0_0, cache-ID = 9c2c438029f87fed
INFO: [Coretcl 2-1174] Renamed 3 cell refs.
INFO: [Common 17-1381] The checkpoint '/home/chris/workspace/sp22-e520-lab-assignment7-ychen0223/part3/project_part3.runs/design_2_multiplier_proj_0_0_synth_1/design_2_multiplier_proj_0_0.dcp' has been generated.
INFO: [runtcl-4] Executing : report_utilization -file design_2_multiplier_proj_0_0_utilization_synth.rpt -pb design_2_multiplier_proj_0_0_utilization_synth.pb
INFO: [Common 17-206] Exiting Vivado at Sat Apr 16 22:17:59 2022...
