Copyright 1986-2021 Xilinx, Inc. All Rights Reserved.
------------------------------------------------------------------------------------
| Tool Version : Vivado v.2021.2 (lin64) Build 3367213 Tue Oct 19 02:47:39 MDT 2021
| Date         : Sat Dec 11 00:35:21 2021
| Host         : xilinx running 64-bit Ubuntu 20.04.2 LTS
| Command      : upgrade_ip
| Device       : xcku035-fbva900-2-e
------------------------------------------------------------------------------------

Upgrade Log for IP 'clk_core'

1. Summary
----------

SUCCESS in the upgrade of clk_core (xilinx.com:ip:clk_wiz:6.0) from (Rev. 8) to (Rev. 9)






Copyright 1986-2021 Xilinx, Inc. All Rights Reserved.
------------------------------------------------------------------------------------
| Tool Version : Vivado v.2021.2 (lin64) Build 3367213 Tue Oct 19 02:47:39 MDT 2021
| Date         : Sat Dec 11 00:35:11 2021
| Host         : xilinx running 64-bit Ubuntu 20.04.2 LTS
| Command      : upgrade_ip
| Device       : xcku035-fbva900-2-e
------------------------------------------------------------------------------------

Upgrade Log for IP 'char_fifo'

1. Summary
----------

SUCCESS in the upgrade of char_fifo (xilinx.com:ip:fifo_generator:13.2) from (Rev. 5) to (Rev. 6)






Copyright 1986-2021 Xilinx, Inc. All Rights Reserved.
------------------------------------------------------------------------------------
| Tool Version : Vivado v.2021.1 (lin64) Build 3247384 Thu Jun 10 19:36:07 MDT 2021
| Date         : Fri Jul  9 11:34:15 2021
| Host         : xilinx running 64-bit Ubuntu 20.04.2 LTS
| Command      : upgrade_ip
| Device       : xcku035-fbva900-2-e
------------------------------------------------------------------------------------

Upgrade Log for IP 'clk_core'

1. Summary
----------

SUCCESS in the upgrade of clk_core (xilinx.com:ip:clk_wiz:6.0) from (Rev. 5) to (Rev. 8)

