
*** Running vivado
    with args -log clk_core.vds -m64 -product Vivado -mode batch -messageDb vivado.pb -notrace -source clk_core.tcl


****** Vivado v2021.2 (64-bit)
  **** SW Build 3367213 on Tue Oct 19 02:47:39 MDT 2021
  **** IP Build 3369179 on Thu Oct 21 08:25:16 MDT 2021
    ** Copyright 1986-2021 Xilinx, Inc. All Rights Reserved.

source clk_core.tcl -notrace
INFO: [IP_Flow 19-234] Refreshing IP repositories
INFO: [IP_Flow 19-1700] Loaded user IP repository '/home/chris/workspace/sp22-e520-lab-assignment7-ychen0223/part2/Custom_IP/xilinxtrng_ip_repo/uart_tx'.
INFO: [IP_Flow 19-2313] Loaded Vivado IP repository '/home/chris/Vivado/2021.2/data/ip'.
Command: synth_design -top clk_core -part xcku035-fbva900-2-e -mode out_of_context
Starting synth_design
Attempting to get a license for feature 'Synthesis' and/or device 'xcku035'
INFO: [Common 17-349] Got license for feature 'Synthesis' and/or device 'xcku035'
INFO: [Device 21-403] Loading part xcku035-fbva900-2-e
INFO: [Synth 8-7079] Multithreading enabled for synth_design using a maximum of 4 processes.
INFO: [Synth 8-7078] Launching helper process for spawning children vivado processes
INFO: [Synth 8-7075] Helper process launched with PID 31486
---------------------------------------------------------------------------------
Starting RTL Elaboration : Time (s): cpu = 00:00:03 ; elapsed = 00:00:03 . Memory (MB): peak = 2781.945 ; gain = 34.793 ; free physical = 2239 ; free virtual = 5400
---------------------------------------------------------------------------------
INFO: [Synth 8-6157] synthesizing module 'clk_core' [/home/chris/workspace/sp22-e520-lab-assignment7-ychen0223/part2/Custom_IP/lab/KCU105/verilog/wave_gen.gen/sources_1/ip/clk_core/clk_core.v:71]
INFO: [Synth 8-6157] synthesizing module 'clk_core_clk_wiz' [/home/chris/workspace/sp22-e520-lab-assignment7-ychen0223/part2/Custom_IP/lab/KCU105/verilog/wave_gen.gen/sources_1/ip/clk_core/clk_core_clk_wiz.v:69]
INFO: [Synth 8-6157] synthesizing module 'IBUFDS' [/home/chris/Vivado/2021.2/scripts/rt/data/unisim_comp.v:55219]
INFO: [Synth 8-6155] done synthesizing module 'IBUFDS' (1#1) [/home/chris/Vivado/2021.2/scripts/rt/data/unisim_comp.v:55219]
INFO: [Synth 8-6157] synthesizing module 'MMCME3_ADV' [/home/chris/Vivado/2021.2/scripts/rt/data/unisim_comp.v:63701]
	Parameter BANDWIDTH bound to: OPTIMIZED - type: string 
	Parameter CLKFBOUT_MULT_F bound to: 3.875000 - type: double 
	Parameter CLKFBOUT_PHASE bound to: 0.000000 - type: double 
	Parameter CLKFBOUT_USE_FINE_PS bound to: FALSE - type: string 
	Parameter CLKIN1_PERIOD bound to: 5.000000 - type: double 
	Parameter CLKOUT0_DIVIDE_F bound to: 3.875000 - type: double 
	Parameter CLKOUT0_DUTY_CYCLE bound to: 0.500000 - type: double 
	Parameter CLKOUT0_PHASE bound to: 0.000000 - type: double 
	Parameter CLKOUT0_USE_FINE_PS bound to: FALSE - type: string 
	Parameter CLKOUT1_DIVIDE bound to: 4 - type: integer 
	Parameter CLKOUT1_DUTY_CYCLE bound to: 0.500000 - type: double 
	Parameter CLKOUT1_PHASE bound to: 0.000000 - type: double 
	Parameter CLKOUT1_USE_FINE_PS bound to: FALSE - type: string 
	Parameter CLKOUT4_CASCADE bound to: FALSE - type: string 
	Parameter COMPENSATION bound to: AUTO - type: string 
	Parameter DIVCLK_DIVIDE bound to: 1 - type: integer 
	Parameter STARTUP_WAIT bound to: FALSE - type: string 
INFO: [Synth 8-6155] done synthesizing module 'MMCME3_ADV' (2#1) [/home/chris/Vivado/2021.2/scripts/rt/data/unisim_comp.v:63701]
INFO: [Synth 8-6157] synthesizing module 'BUFG' [/home/chris/Vivado/2021.2/scripts/rt/data/unisim_comp.v:1083]
INFO: [Synth 8-6155] done synthesizing module 'BUFG' (3#1) [/home/chris/Vivado/2021.2/scripts/rt/data/unisim_comp.v:1083]
INFO: [Synth 8-6155] done synthesizing module 'clk_core_clk_wiz' (4#1) [/home/chris/workspace/sp22-e520-lab-assignment7-ychen0223/part2/Custom_IP/lab/KCU105/verilog/wave_gen.gen/sources_1/ip/clk_core/clk_core_clk_wiz.v:69]
INFO: [Synth 8-6155] done synthesizing module 'clk_core' (5#1) [/home/chris/workspace/sp22-e520-lab-assignment7-ychen0223/part2/Custom_IP/lab/KCU105/verilog/wave_gen.gen/sources_1/ip/clk_core/clk_core.v:71]
---------------------------------------------------------------------------------
Finished RTL Elaboration : Time (s): cpu = 00:00:03 ; elapsed = 00:00:04 . Memory (MB): peak = 2830.883 ; gain = 83.730 ; free physical = 1793 ; free virtual = 4955
---------------------------------------------------------------------------------
---------------------------------------------------------------------------------
Start Handling Custom Attributes
---------------------------------------------------------------------------------
---------------------------------------------------------------------------------
Finished Handling Custom Attributes : Time (s): cpu = 00:00:04 ; elapsed = 00:00:04 . Memory (MB): peak = 2845.727 ; gain = 98.574 ; free physical = 1763 ; free virtual = 4925
---------------------------------------------------------------------------------
---------------------------------------------------------------------------------
Finished RTL Optimization Phase 1 : Time (s): cpu = 00:00:04 ; elapsed = 00:00:04 . Memory (MB): peak = 2845.727 ; gain = 98.574 ; free physical = 1763 ; free virtual = 4925
---------------------------------------------------------------------------------
Netlist sorting complete. Time (s): cpu = 00:00:00 ; elapsed = 00:00:00 . Memory (MB): peak = 2853.664 ; gain = 0.000 ; free physical = 1735 ; free virtual = 4897
INFO: [Netlist 29-17] Analyzing 5 Unisim elements for replacement
INFO: [Netlist 29-28] Unisim Transformation completed in 0 CPU seconds
INFO: [Project 1-570] Preparing netlist for logic optimization

Processing XDC Constraints
Initializing timing engine
Parsing XDC File [/home/chris/workspace/sp22-e520-lab-assignment7-ychen0223/part2/Custom_IP/lab/KCU105/verilog/wave_gen.gen/sources_1/ip/clk_core/clk_core_ooc.xdc] for cell 'inst'
Finished Parsing XDC File [/home/chris/workspace/sp22-e520-lab-assignment7-ychen0223/part2/Custom_IP/lab/KCU105/verilog/wave_gen.gen/sources_1/ip/clk_core/clk_core_ooc.xdc] for cell 'inst'
Parsing XDC File [/home/chris/workspace/sp22-e520-lab-assignment7-ychen0223/part2/Custom_IP/lab/KCU105/verilog/wave_gen.gen/sources_1/ip/clk_core/clk_core_board.xdc] for cell 'inst'
Finished Parsing XDC File [/home/chris/workspace/sp22-e520-lab-assignment7-ychen0223/part2/Custom_IP/lab/KCU105/verilog/wave_gen.gen/sources_1/ip/clk_core/clk_core_board.xdc] for cell 'inst'
Parsing XDC File [/home/chris/workspace/sp22-e520-lab-assignment7-ychen0223/part2/Custom_IP/lab/KCU105/verilog/wave_gen.gen/sources_1/ip/clk_core/clk_core.xdc] for cell 'inst'
Finished Parsing XDC File [/home/chris/workspace/sp22-e520-lab-assignment7-ychen0223/part2/Custom_IP/lab/KCU105/verilog/wave_gen.gen/sources_1/ip/clk_core/clk_core.xdc] for cell 'inst'
INFO: [Project 1-236] Implementation specific constraints were found while reading constraint file [/home/chris/workspace/sp22-e520-lab-assignment7-ychen0223/part2/Custom_IP/lab/KCU105/verilog/wave_gen.gen/sources_1/ip/clk_core/clk_core.xdc]. These constraints will be ignored for synthesis but will be used in implementation. Impacted constraints are listed in the file [.Xil/clk_core_propImpl.xdc].
Resolution: To avoid this warning, move constraints listed in [.Xil/clk_core_propImpl.xdc] to another XDC file and exclude this new file from synthesis with the used_in_synthesis property (File Properties dialog in GUI) and re-run elaboration/synthesis.
INFO: [Timing 38-2] Deriving generated clocks
Parsing XDC File [/home/chris/workspace/sp22-e520-lab-assignment7-ychen0223/part2/Custom_IP/lab/KCU105/verilog/wave_gen.runs/clk_core_synth_1/dont_touch.xdc]
Finished Parsing XDC File [/home/chris/workspace/sp22-e520-lab-assignment7-ychen0223/part2/Custom_IP/lab/KCU105/verilog/wave_gen.runs/clk_core_synth_1/dont_touch.xdc]
Completed Processing XDC Constraints

Netlist sorting complete. Time (s): cpu = 00:00:00 ; elapsed = 00:00:00 . Memory (MB): peak = 2947.445 ; gain = 0.000 ; free physical = 3497 ; free virtual = 6659
INFO: [Project 1-111] Unisim Transformation Summary:
  A total of 4 instances were transformed.
  BUFG => BUFGCE: 3 instances
  IBUFDS => IBUFDS (DIFFINBUF, IBUFCTRL): 1 instance 

Constraint Validation Runtime : Time (s): cpu = 00:00:00.01 ; elapsed = 00:00:00.01 . Memory (MB): peak = 2947.445 ; gain = 0.000 ; free physical = 3507 ; free virtual = 6670
---------------------------------------------------------------------------------
Finished Constraint Validation : Time (s): cpu = 00:00:07 ; elapsed = 00:00:08 . Memory (MB): peak = 2947.445 ; gain = 200.293 ; free physical = 3337 ; free virtual = 6499
---------------------------------------------------------------------------------
---------------------------------------------------------------------------------
Start Loading Part and Timing Information
---------------------------------------------------------------------------------
Loading part: xcku035-fbva900-2-e
INFO: [Synth 8-6742] Reading net delay rules and data
---------------------------------------------------------------------------------
Finished Loading Part and Timing Information : Time (s): cpu = 00:00:07 ; elapsed = 00:00:08 . Memory (MB): peak = 2947.445 ; gain = 200.293 ; free physical = 3340 ; free virtual = 6503
---------------------------------------------------------------------------------
---------------------------------------------------------------------------------
Start Applying 'set_property' XDC Constraints
---------------------------------------------------------------------------------
Applied set_property KEEP_HIERARCHY = SOFT for inst. (constraint file  /home/chris/workspace/sp22-e520-lab-assignment7-ychen0223/part2/Custom_IP/lab/KCU105/verilog/wave_gen.runs/clk_core_synth_1/dont_touch.xdc, line 9).
---------------------------------------------------------------------------------
Finished applying 'set_property' XDC Constraints : Time (s): cpu = 00:00:07 ; elapsed = 00:00:08 . Memory (MB): peak = 2947.445 ; gain = 200.293 ; free physical = 3340 ; free virtual = 6503
---------------------------------------------------------------------------------
---------------------------------------------------------------------------------
Finished RTL Optimization Phase 2 : Time (s): cpu = 00:00:07 ; elapsed = 00:00:08 . Memory (MB): peak = 2947.445 ; gain = 200.293 ; free physical = 3317 ; free virtual = 6480
---------------------------------------------------------------------------------
---------------------------------------------------------------------------------
Start RTL Component Statistics 
---------------------------------------------------------------------------------
Detailed RTL Component Info : 
---------------------------------------------------------------------------------
Finished RTL Component Statistics 
---------------------------------------------------------------------------------
---------------------------------------------------------------------------------
Start Part Resource Summary
---------------------------------------------------------------------------------
Part Resources:
DSPs: 1700 (col length:120)
BRAMs: 1080 (col length: RAMB18 120 RAMB36 60)
---------------------------------------------------------------------------------
Finished Part Resource Summary
---------------------------------------------------------------------------------
---------------------------------------------------------------------------------
Start Cross Boundary and Area Optimization
---------------------------------------------------------------------------------
WARNING: [Synth 8-7080] Parallel synthesis criteria is not met
---------------------------------------------------------------------------------
Finished Cross Boundary and Area Optimization : Time (s): cpu = 00:00:08 ; elapsed = 00:00:08 . Memory (MB): peak = 2947.445 ; gain = 200.293 ; free physical = 3444 ; free virtual = 6611
---------------------------------------------------------------------------------
---------------------------------------------------------------------------------
Start Applying XDC Timing Constraints
---------------------------------------------------------------------------------
---------------------------------------------------------------------------------
Finished Applying XDC Timing Constraints : Time (s): cpu = 00:00:11 ; elapsed = 00:00:12 . Memory (MB): peak = 2992.023 ; gain = 244.871 ; free physical = 3101 ; free virtual = 6285
---------------------------------------------------------------------------------
---------------------------------------------------------------------------------
Start Timing Optimization
---------------------------------------------------------------------------------
---------------------------------------------------------------------------------
Finished Timing Optimization : Time (s): cpu = 00:00:11 ; elapsed = 00:00:12 . Memory (MB): peak = 2992.023 ; gain = 244.871 ; free physical = 3101 ; free virtual = 6285
---------------------------------------------------------------------------------
---------------------------------------------------------------------------------
Start Technology Mapping
---------------------------------------------------------------------------------
---------------------------------------------------------------------------------
Finished Technology Mapping : Time (s): cpu = 00:00:11 ; elapsed = 00:00:12 . Memory (MB): peak = 3011.055 ; gain = 263.902 ; free physical = 3100 ; free virtual = 6284
---------------------------------------------------------------------------------
---------------------------------------------------------------------------------
Start IO Insertion
---------------------------------------------------------------------------------
---------------------------------------------------------------------------------
Start Flattening Before IO Insertion
---------------------------------------------------------------------------------
---------------------------------------------------------------------------------
Finished Flattening Before IO Insertion
---------------------------------------------------------------------------------
---------------------------------------------------------------------------------
Start Final Netlist Cleanup
---------------------------------------------------------------------------------
---------------------------------------------------------------------------------
Finished Final Netlist Cleanup
---------------------------------------------------------------------------------
---------------------------------------------------------------------------------
Finished IO Insertion : Time (s): cpu = 00:00:14 ; elapsed = 00:00:15 . Memory (MB): peak = 3016.992 ; gain = 269.840 ; free physical = 3404 ; free virtual = 6589
---------------------------------------------------------------------------------
---------------------------------------------------------------------------------
Start Renaming Generated Instances
---------------------------------------------------------------------------------
---------------------------------------------------------------------------------
Finished Renaming Generated Instances : Time (s): cpu = 00:00:14 ; elapsed = 00:00:15 . Memory (MB): peak = 3016.992 ; gain = 269.840 ; free physical = 3404 ; free virtual = 6589
---------------------------------------------------------------------------------
---------------------------------------------------------------------------------
Start Rebuilding User Hierarchy
---------------------------------------------------------------------------------
---------------------------------------------------------------------------------
Finished Rebuilding User Hierarchy : Time (s): cpu = 00:00:14 ; elapsed = 00:00:15 . Memory (MB): peak = 3016.992 ; gain = 269.840 ; free physical = 3403 ; free virtual = 6588
---------------------------------------------------------------------------------
---------------------------------------------------------------------------------
Start Renaming Generated Ports
---------------------------------------------------------------------------------
---------------------------------------------------------------------------------
Finished Renaming Generated Ports : Time (s): cpu = 00:00:14 ; elapsed = 00:00:15 . Memory (MB): peak = 3016.992 ; gain = 269.840 ; free physical = 3403 ; free virtual = 6588
---------------------------------------------------------------------------------
---------------------------------------------------------------------------------
Start Handling Custom Attributes
---------------------------------------------------------------------------------
---------------------------------------------------------------------------------
Finished Handling Custom Attributes : Time (s): cpu = 00:00:14 ; elapsed = 00:00:15 . Memory (MB): peak = 3016.992 ; gain = 269.840 ; free physical = 3403 ; free virtual = 6588
---------------------------------------------------------------------------------
---------------------------------------------------------------------------------
Start Renaming Generated Nets
---------------------------------------------------------------------------------
---------------------------------------------------------------------------------
Finished Renaming Generated Nets : Time (s): cpu = 00:00:14 ; elapsed = 00:00:15 . Memory (MB): peak = 3016.992 ; gain = 269.840 ; free physical = 3403 ; free virtual = 6588
---------------------------------------------------------------------------------
---------------------------------------------------------------------------------
Start Writing Synthesis Report
---------------------------------------------------------------------------------

Report BlackBoxes: 
+-+--------------+----------+
| |BlackBox name |Instances |
+-+--------------+----------+
+-+--------------+----------+

Report Cell Usage: 
+------+-----------+------+
|      |Cell       |Count |
+------+-----------+------+
|1     |BUFG       |     3|
|2     |MMCME3_ADV |     1|
|3     |IBUFDS     |     1|
+------+-----------+------+
---------------------------------------------------------------------------------
Finished Writing Synthesis Report : Time (s): cpu = 00:00:14 ; elapsed = 00:00:15 . Memory (MB): peak = 3016.992 ; gain = 269.840 ; free physical = 3403 ; free virtual = 6588
---------------------------------------------------------------------------------
Synthesis finished with 0 errors, 0 critical warnings and 1 warnings.
Synthesis Optimization Runtime : Time (s): cpu = 00:00:13 ; elapsed = 00:00:14 . Memory (MB): peak = 3016.992 ; gain = 168.121 ; free physical = 3422 ; free virtual = 6607
Synthesis Optimization Complete : Time (s): cpu = 00:00:14 ; elapsed = 00:00:15 . Memory (MB): peak = 3017.000 ; gain = 269.840 ; free physical = 3422 ; free virtual = 6607
INFO: [Project 1-571] Translating synthesized netlist
Netlist sorting complete. Time (s): cpu = 00:00:00 ; elapsed = 00:00:00 . Memory (MB): peak = 3017.000 ; gain = 0.000 ; free physical = 3415 ; free virtual = 6601
INFO: [Netlist 29-17] Analyzing 5 Unisim elements for replacement
INFO: [Netlist 29-28] Unisim Transformation completed in 0 CPU seconds
INFO: [Project 1-570] Preparing netlist for logic optimization
INFO: [Opt 31-138] Pushed 0 inverter(s) to 0 load pin(s).
Netlist sorting complete. Time (s): cpu = 00:00:00 ; elapsed = 00:00:00 . Memory (MB): peak = 3052.680 ; gain = 0.000 ; free physical = 3407 ; free virtual = 6592
INFO: [Project 1-111] Unisim Transformation Summary:
  A total of 4 instances were transformed.
  BUFG => BUFGCE: 3 instances
  IBUFDS => IBUFDS (DIFFINBUF, IBUFCTRL): 1 instance 

Synth Design complete, checksum: f1782917
INFO: [Common 17-83] Releasing license: Synthesis
32 Infos, 1 Warnings, 0 Critical Warnings and 0 Errors encountered.
synth_design completed successfully
synth_design: Time (s): cpu = 00:00:20 ; elapsed = 00:00:17 . Memory (MB): peak = 3052.680 ; gain = 305.609 ; free physical = 3605 ; free virtual = 6790
INFO: [Common 17-1381] The checkpoint '/home/chris/workspace/sp22-e520-lab-assignment7-ychen0223/part2/Custom_IP/lab/KCU105/verilog/wave_gen.runs/clk_core_synth_1/clk_core.dcp' has been generated.
INFO: [Coretcl 2-1648] Added synthesis output to IP cache for IP clk_core, cache-ID = 21b3e3837644518d
INFO: [Common 17-1381] The checkpoint '/home/chris/workspace/sp22-e520-lab-assignment7-ychen0223/part2/Custom_IP/lab/KCU105/verilog/wave_gen.runs/clk_core_synth_1/clk_core.dcp' has been generated.
INFO: [runtcl-4] Executing : report_utilization -file clk_core_utilization_synth.rpt -pb clk_core_utilization_synth.pb
INFO: [Common 17-206] Exiting Vivado at Sat Apr 16 16:02:12 2022...
