
*** Running vivado
    with args -log UART_LED_Subsystem_uart_baud_gen_0_0.vds -m64 -product Vivado -mode batch -messageDb vivado.pb -notrace -source UART_LED_Subsystem_uart_baud_gen_0_0.tcl


****** Vivado v2021.2 (64-bit)
  **** SW Build 3367213 on Tue Oct 19 02:47:39 MDT 2021
  **** IP Build 3369179 on Thu Oct 21 08:25:16 MDT 2021
    ** Copyright 1986-2021 Xilinx, Inc. All Rights Reserved.

source UART_LED_Subsystem_uart_baud_gen_0_0.tcl -notrace
INFO: [IP_Flow 19-234] Refreshing IP repositories
INFO: [IP_Flow 19-1700] Loaded user IP repository '/home/chris/workspace/sp22-e520-lab-assignment7-ychen0223/part1/IP_Integrator/lab/KCU105/vhdl'.
INFO: [IP_Flow 19-2313] Loaded Vivado IP repository '/home/chris/Vivado/2021.2/data/ip'.
Command: synth_design -top UART_LED_Subsystem_uart_baud_gen_0_0 -part xcku040-ffva1156-2-e -mode out_of_context
Starting synth_design
Attempting to get a license for feature 'Synthesis' and/or device 'xcku040'
INFO: [Common 17-349] Got license for feature 'Synthesis' and/or device 'xcku040'
INFO: [Synth 8-7079] Multithreading enabled for synth_design using a maximum of 4 processes.
INFO: [Synth 8-7078] Launching helper process for spawning children vivado processes
INFO: [Synth 8-7075] Helper process launched with PID 18878
---------------------------------------------------------------------------------
Starting Synthesize : Time (s): cpu = 00:00:04 ; elapsed = 00:00:04 . Memory (MB): peak = 2755.109 ; gain = 0.000 ; free physical = 123 ; free virtual = 4796
---------------------------------------------------------------------------------
INFO: [Synth 8-638] synthesizing module 'UART_LED_Subsystem_uart_baud_gen_0_0' [/home/chris/workspace/sp22-e520-lab-assignment7-ychen0223/part1/UART_LED_Subsystem.gen/sources_1/bd/UART_LED_Subsystem/ip/UART_LED_Subsystem_uart_baud_gen_0_0/synth/UART_LED_Subsystem_uart_baud_gen_0_0.vhd:67]
	Parameter CLOCK_RATE bound to: 100000000 - type: integer 
	Parameter BAUD_RATE bound to: 115200 - type: integer 
INFO: [Synth 8-3491] module 'uart_baud_gen' declared at '/home/chris/workspace/sp22-e520-lab-assignment7-ychen0223/part1/UART_LED_Subsystem.gen/sources_1/bd/UART_LED_Subsystem/ipshared/6a73/src/uart_baud_gen.vhd:63' bound to instance 'U0' of component 'uart_baud_gen' [/home/chris/workspace/sp22-e520-lab-assignment7-ychen0223/part1/UART_LED_Subsystem.gen/sources_1/bd/UART_LED_Subsystem/ip/UART_LED_Subsystem_uart_baud_gen_0_0/synth/UART_LED_Subsystem_uart_baud_gen_0_0.vhd:96]
INFO: [Synth 8-638] synthesizing module 'uart_baud_gen' [/home/chris/workspace/sp22-e520-lab-assignment7-ychen0223/part1/UART_LED_Subsystem.gen/sources_1/bd/UART_LED_Subsystem/ipshared/6a73/src/uart_baud_gen.vhd:74]
INFO: [Synth 8-256] done synthesizing module 'uart_baud_gen' (1#1) [/home/chris/workspace/sp22-e520-lab-assignment7-ychen0223/part1/UART_LED_Subsystem.gen/sources_1/bd/UART_LED_Subsystem/ipshared/6a73/src/uart_baud_gen.vhd:74]
INFO: [Synth 8-256] done synthesizing module 'UART_LED_Subsystem_uart_baud_gen_0_0' (2#1) [/home/chris/workspace/sp22-e520-lab-assignment7-ychen0223/part1/UART_LED_Subsystem.gen/sources_1/bd/UART_LED_Subsystem/ip/UART_LED_Subsystem_uart_baud_gen_0_0/synth/UART_LED_Subsystem_uart_baud_gen_0_0.vhd:67]
---------------------------------------------------------------------------------
Finished Synthesize : Time (s): cpu = 00:00:05 ; elapsed = 00:00:06 . Memory (MB): peak = 2755.109 ; gain = 0.000 ; free physical = 731 ; free virtual = 4091
---------------------------------------------------------------------------------
---------------------------------------------------------------------------------
Finished Constraint Validation : Time (s): cpu = 00:00:05 ; elapsed = 00:00:06 . Memory (MB): peak = 2755.109 ; gain = 0.000 ; free physical = 1200 ; free virtual = 4646
---------------------------------------------------------------------------------
---------------------------------------------------------------------------------
Start Loading Part and Timing Information
---------------------------------------------------------------------------------
Loading part: xcku040-ffva1156-2-e
INFO: [Synth 8-6742] Reading net delay rules and data
---------------------------------------------------------------------------------
INFO: [Device 21-403] Loading part xcku040-ffva1156-2-e
Finished Loading Part and Timing Information : Time (s): cpu = 00:00:05 ; elapsed = 00:00:06 . Memory (MB): peak = 2763.113 ; gain = 8.004 ; free physical = 1179 ; free virtual = 4625
---------------------------------------------------------------------------------
---------------------------------------------------------------------------------
Finished RTL Optimization Phase 2 : Time (s): cpu = 00:00:06 ; elapsed = 00:00:06 . Memory (MB): peak = 2763.113 ; gain = 8.004 ; free physical = 1188 ; free virtual = 4635
---------------------------------------------------------------------------------
No constraint files found.
---------------------------------------------------------------------------------
Start RTL Component Statistics 
---------------------------------------------------------------------------------
Detailed RTL Component Info : 
+---Adders : 
	   2 Input    6 Bit       Adders := 1     
+---Registers : 
	                6 Bit    Registers := 1     
	                1 Bit    Registers := 1     
+---Muxes : 
	   2 Input    6 Bit        Muxes := 1     
	   2 Input    1 Bit        Muxes := 1     
---------------------------------------------------------------------------------
Finished RTL Component Statistics 
---------------------------------------------------------------------------------
---------------------------------------------------------------------------------
Start Part Resource Summary
---------------------------------------------------------------------------------
Part Resources:
DSPs: 1920 (col length:120)
BRAMs: 1200 (col length: RAMB18 120 RAMB36 60)
---------------------------------------------------------------------------------
Finished Part Resource Summary
---------------------------------------------------------------------------------
No constraint files found.
---------------------------------------------------------------------------------
Start Cross Boundary and Area Optimization
---------------------------------------------------------------------------------
WARNING: [Synth 8-7080] Parallel synthesis criteria is not met
---------------------------------------------------------------------------------
Finished Cross Boundary and Area Optimization : Time (s): cpu = 00:00:09 ; elapsed = 00:00:10 . Memory (MB): peak = 2763.113 ; gain = 8.004 ; free physical = 244 ; free virtual = 3835
---------------------------------------------------------------------------------
No constraint files found.
---------------------------------------------------------------------------------
Start Timing Optimization
---------------------------------------------------------------------------------
---------------------------------------------------------------------------------
Finished Timing Optimization : Time (s): cpu = 00:00:09 ; elapsed = 00:00:11 . Memory (MB): peak = 2763.113 ; gain = 8.004 ; free physical = 168 ; free virtual = 3759
---------------------------------------------------------------------------------
---------------------------------------------------------------------------------
Start Technology Mapping
---------------------------------------------------------------------------------
---------------------------------------------------------------------------------
Finished Technology Mapping : Time (s): cpu = 00:00:09 ; elapsed = 00:00:11 . Memory (MB): peak = 2763.113 ; gain = 8.004 ; free physical = 137 ; free virtual = 3722
---------------------------------------------------------------------------------
---------------------------------------------------------------------------------
Start IO Insertion
---------------------------------------------------------------------------------
---------------------------------------------------------------------------------
Start Flattening Before IO Insertion
---------------------------------------------------------------------------------
---------------------------------------------------------------------------------
Finished Flattening Before IO Insertion
---------------------------------------------------------------------------------
---------------------------------------------------------------------------------
Start Final Netlist Cleanup
---------------------------------------------------------------------------------
---------------------------------------------------------------------------------
Finished Final Netlist Cleanup
---------------------------------------------------------------------------------
---------------------------------------------------------------------------------
Finished IO Insertion : Time (s): cpu = 00:00:12 ; elapsed = 00:00:14 . Memory (MB): peak = 2763.113 ; gain = 8.004 ; free physical = 1107 ; free virtual = 4526
---------------------------------------------------------------------------------
---------------------------------------------------------------------------------
Start Renaming Generated Instances
---------------------------------------------------------------------------------
---------------------------------------------------------------------------------
Finished Renaming Generated Instances : Time (s): cpu = 00:00:12 ; elapsed = 00:00:14 . Memory (MB): peak = 2763.113 ; gain = 8.004 ; free physical = 1107 ; free virtual = 4526
---------------------------------------------------------------------------------
---------------------------------------------------------------------------------
Start Rebuilding User Hierarchy
---------------------------------------------------------------------------------
---------------------------------------------------------------------------------
Finished Rebuilding User Hierarchy : Time (s): cpu = 00:00:12 ; elapsed = 00:00:14 . Memory (MB): peak = 2763.113 ; gain = 8.004 ; free physical = 1106 ; free virtual = 4525
---------------------------------------------------------------------------------
---------------------------------------------------------------------------------
Start Renaming Generated Ports
---------------------------------------------------------------------------------
---------------------------------------------------------------------------------
Finished Renaming Generated Ports : Time (s): cpu = 00:00:12 ; elapsed = 00:00:14 . Memory (MB): peak = 2763.113 ; gain = 8.004 ; free physical = 1106 ; free virtual = 4525
---------------------------------------------------------------------------------
---------------------------------------------------------------------------------
Start Handling Custom Attributes
---------------------------------------------------------------------------------
---------------------------------------------------------------------------------
Finished Handling Custom Attributes : Time (s): cpu = 00:00:12 ; elapsed = 00:00:14 . Memory (MB): peak = 2763.113 ; gain = 8.004 ; free physical = 1104 ; free virtual = 4524
---------------------------------------------------------------------------------
---------------------------------------------------------------------------------
Start Renaming Generated Nets
---------------------------------------------------------------------------------
---------------------------------------------------------------------------------
Finished Renaming Generated Nets : Time (s): cpu = 00:00:12 ; elapsed = 00:00:14 . Memory (MB): peak = 2763.113 ; gain = 8.004 ; free physical = 1103 ; free virtual = 4523
---------------------------------------------------------------------------------
---------------------------------------------------------------------------------
Start Writing Synthesis Report
---------------------------------------------------------------------------------

Report BlackBoxes: 
+-+--------------+----------+
| |BlackBox name |Instances |
+-+--------------+----------+
+-+--------------+----------+

Report Cell Usage: 
+------+-----+------+
|      |Cell |Count |
+------+-----+------+
|1     |LUT1 |     1|
|2     |LUT3 |     1|
|3     |LUT5 |     1|
|4     |LUT6 |     4|
|5     |FDRE |     3|
|6     |FDSE |     4|
+------+-----+------+

Report Instance Areas: 
+------+---------+--------------+------+
|      |Instance |Module        |Cells |
+------+---------+--------------+------+
|1     |top      |              |    14|
|2     |  U0     |uart_baud_gen |    14|
+------+---------+--------------+------+
---------------------------------------------------------------------------------
Finished Writing Synthesis Report : Time (s): cpu = 00:00:12 ; elapsed = 00:00:14 . Memory (MB): peak = 2763.113 ; gain = 8.004 ; free physical = 1103 ; free virtual = 4523
---------------------------------------------------------------------------------
Synthesis finished with 0 errors, 0 critical warnings and 1 warnings.
Synthesis Optimization Runtime : Time (s): cpu = 00:00:12 ; elapsed = 00:00:14 . Memory (MB): peak = 2763.113 ; gain = 8.004 ; free physical = 1100 ; free virtual = 4520
Synthesis Optimization Complete : Time (s): cpu = 00:00:12 ; elapsed = 00:00:14 . Memory (MB): peak = 2763.121 ; gain = 8.004 ; free physical = 1100 ; free virtual = 4519
INFO: [Project 1-571] Translating synthesized netlist
Netlist sorting complete. Time (s): cpu = 00:00:00 ; elapsed = 00:00:00 . Memory (MB): peak = 2763.121 ; gain = 0.000 ; free physical = 1182 ; free virtual = 4602
INFO: [Project 1-570] Preparing netlist for logic optimization
INFO: [Opt 31-138] Pushed 0 inverter(s) to 0 load pin(s).
Netlist sorting complete. Time (s): cpu = 00:00:00 ; elapsed = 00:00:00 . Memory (MB): peak = 2873.703 ; gain = 0.000 ; free physical = 1441 ; free virtual = 4864
INFO: [Project 1-111] Unisim Transformation Summary:
No Unisim elements were transformed.

Synth Design complete, checksum: 618e9296
INFO: [Common 17-83] Releasing license: Synthesis
19 Infos, 1 Warnings, 0 Critical Warnings and 0 Errors encountered.
synth_design completed successfully
synth_design: Time (s): cpu = 00:00:19 ; elapsed = 00:00:15 . Memory (MB): peak = 2873.703 ; gain = 126.598 ; free physical = 1767 ; free virtual = 5191
INFO: [Timing 38-35] Done setting XDC timing constraints.
INFO: [Common 17-1381] The checkpoint '/home/chris/workspace/sp22-e520-lab-assignment7-ychen0223/part1/UART_LED_Subsystem.runs/UART_LED_Subsystem_uart_baud_gen_0_0_synth_1/UART_LED_Subsystem_uart_baud_gen_0_0.dcp' has been generated.
INFO: [Coretcl 2-1648] Added synthesis output to IP cache for IP UART_LED_Subsystem_uart_baud_gen_0_0, cache-ID = c759b17d9c63d7bf
INFO: [Common 17-1381] The checkpoint '/home/chris/workspace/sp22-e520-lab-assignment7-ychen0223/part1/UART_LED_Subsystem.runs/UART_LED_Subsystem_uart_baud_gen_0_0_synth_1/UART_LED_Subsystem_uart_baud_gen_0_0.dcp' has been generated.
INFO: [runtcl-4] Executing : report_utilization -file UART_LED_Subsystem_uart_baud_gen_0_0_utilization_synth.rpt -pb UART_LED_Subsystem_uart_baud_gen_0_0_utilization_synth.pb
INFO: [Common 17-206] Exiting Vivado at Thu Apr 14 13:44:44 2022...
