
*** Running vivado
    with args -log UART_LED_Subsystem_meta_harden_1_0.vds -m64 -product Vivado -mode batch -messageDb vivado.pb -notrace -source UART_LED_Subsystem_meta_harden_1_0.tcl


****** Vivado v2021.2 (64-bit)
  **** SW Build 3367213 on Tue Oct 19 02:47:39 MDT 2021
  **** IP Build 3369179 on Thu Oct 21 08:25:16 MDT 2021
    ** Copyright 1986-2021 Xilinx, Inc. All Rights Reserved.

source UART_LED_Subsystem_meta_harden_1_0.tcl -notrace
INFO: [IP_Flow 19-234] Refreshing IP repositories
INFO: [IP_Flow 19-1700] Loaded user IP repository '/home/chris/workspace/sp22-e520-lab-assignment7-ychen0223/part1/IP_Integrator/lab/KCU105/vhdl'.
INFO: [IP_Flow 19-2313] Loaded Vivado IP repository '/home/chris/Vivado/2021.2/data/ip'.
Command: synth_design -top UART_LED_Subsystem_meta_harden_1_0 -part xcku040-ffva1156-2-e -mode out_of_context
Starting synth_design
Attempting to get a license for feature 'Synthesis' and/or device 'xcku040'
INFO: [Common 17-349] Got license for feature 'Synthesis' and/or device 'xcku040'
INFO: [Synth 8-7079] Multithreading enabled for synth_design using a maximum of 4 processes.
INFO: [Synth 8-7078] Launching helper process for spawning children vivado processes
INFO: [Synth 8-7075] Helper process launched with PID 18803
---------------------------------------------------------------------------------
Starting Synthesize : Time (s): cpu = 00:00:04 ; elapsed = 00:00:04 . Memory (MB): peak = 2755.078 ; gain = 0.000 ; free physical = 2022 ; free virtual = 6840
---------------------------------------------------------------------------------
INFO: [Synth 8-638] synthesizing module 'UART_LED_Subsystem_meta_harden_1_0' [/home/chris/workspace/sp22-e520-lab-assignment7-ychen0223/part1/UART_LED_Subsystem.gen/sources_1/bd/UART_LED_Subsystem/ip/UART_LED_Subsystem_meta_harden_1_0/synth/UART_LED_Subsystem_meta_harden_1_0.vhd:68]
INFO: [Synth 8-3491] module 'meta_harden' declared at '/home/chris/workspace/sp22-e520-lab-assignment7-ychen0223/part1/UART_LED_Subsystem.gen/sources_1/bd/UART_LED_Subsystem/ipshared/e925/src/meta_harden.vhd:58' bound to instance 'U0' of component 'meta_harden' [/home/chris/workspace/sp22-e520-lab-assignment7-ychen0223/part1/UART_LED_Subsystem.gen/sources_1/bd/UART_LED_Subsystem/ip/UART_LED_Subsystem_meta_harden_1_0/synth/UART_LED_Subsystem_meta_harden_1_0.vhd:88]
INFO: [Synth 8-638] synthesizing module 'meta_harden' [/home/chris/workspace/sp22-e520-lab-assignment7-ychen0223/part1/UART_LED_Subsystem.gen/sources_1/bd/UART_LED_Subsystem/ipshared/e925/src/meta_harden.vhd:66]
INFO: [Synth 8-256] done synthesizing module 'meta_harden' (1#1) [/home/chris/workspace/sp22-e520-lab-assignment7-ychen0223/part1/UART_LED_Subsystem.gen/sources_1/bd/UART_LED_Subsystem/ipshared/e925/src/meta_harden.vhd:66]
INFO: [Synth 8-256] done synthesizing module 'UART_LED_Subsystem_meta_harden_1_0' (2#1) [/home/chris/workspace/sp22-e520-lab-assignment7-ychen0223/part1/UART_LED_Subsystem.gen/sources_1/bd/UART_LED_Subsystem/ip/UART_LED_Subsystem_meta_harden_1_0/synth/UART_LED_Subsystem_meta_harden_1_0.vhd:68]
---------------------------------------------------------------------------------
Finished Synthesize : Time (s): cpu = 00:00:05 ; elapsed = 00:00:06 . Memory (MB): peak = 2755.078 ; gain = 0.000 ; free physical = 121 ; free virtual = 3777
---------------------------------------------------------------------------------
---------------------------------------------------------------------------------
Finished Constraint Validation : Time (s): cpu = 00:00:05 ; elapsed = 00:00:06 . Memory (MB): peak = 2755.078 ; gain = 0.000 ; free physical = 1024 ; free virtual = 4329
---------------------------------------------------------------------------------
---------------------------------------------------------------------------------
Start Loading Part and Timing Information
---------------------------------------------------------------------------------
Loading part: xcku040-ffva1156-2-e
INFO: [Synth 8-6742] Reading net delay rules and data
INFO: [Device 21-403] Loading part xcku040-ffva1156-2-e
---------------------------------------------------------------------------------
Finished Loading Part and Timing Information : Time (s): cpu = 00:00:05 ; elapsed = 00:00:06 . Memory (MB): peak = 2763.082 ; gain = 8.004 ; free physical = 930 ; free virtual = 4243
---------------------------------------------------------------------------------
---------------------------------------------------------------------------------
Finished RTL Optimization Phase 2 : Time (s): cpu = 00:00:05 ; elapsed = 00:00:06 . Memory (MB): peak = 2763.082 ; gain = 8.004 ; free physical = 804 ; free virtual = 4128
---------------------------------------------------------------------------------
No constraint files found.
---------------------------------------------------------------------------------
Start RTL Component Statistics 
---------------------------------------------------------------------------------
Detailed RTL Component Info : 
+---Registers : 
	                1 Bit    Registers := 2     
---------------------------------------------------------------------------------
Finished RTL Component Statistics 
---------------------------------------------------------------------------------
---------------------------------------------------------------------------------
Start Part Resource Summary
---------------------------------------------------------------------------------
Part Resources:
DSPs: 1920 (col length:120)
BRAMs: 1200 (col length: RAMB18 120 RAMB36 60)
---------------------------------------------------------------------------------
Finished Part Resource Summary
---------------------------------------------------------------------------------
No constraint files found.
---------------------------------------------------------------------------------
Start Cross Boundary and Area Optimization
---------------------------------------------------------------------------------
WARNING: [Synth 8-7080] Parallel synthesis criteria is not met
---------------------------------------------------------------------------------
Finished Cross Boundary and Area Optimization : Time (s): cpu = 00:00:09 ; elapsed = 00:00:11 . Memory (MB): peak = 2763.082 ; gain = 8.004 ; free physical = 498 ; free virtual = 4088
---------------------------------------------------------------------------------
No constraint files found.
---------------------------------------------------------------------------------
Start Timing Optimization
---------------------------------------------------------------------------------
---------------------------------------------------------------------------------
Finished Timing Optimization : Time (s): cpu = 00:00:09 ; elapsed = 00:00:11 . Memory (MB): peak = 2763.082 ; gain = 8.004 ; free physical = 392 ; free virtual = 3982
---------------------------------------------------------------------------------
---------------------------------------------------------------------------------
Start Technology Mapping
---------------------------------------------------------------------------------
---------------------------------------------------------------------------------
Finished Technology Mapping : Time (s): cpu = 00:00:09 ; elapsed = 00:00:11 . Memory (MB): peak = 2763.082 ; gain = 8.004 ; free physical = 348 ; free virtual = 3939
---------------------------------------------------------------------------------
---------------------------------------------------------------------------------
Start IO Insertion
---------------------------------------------------------------------------------
---------------------------------------------------------------------------------
Start Flattening Before IO Insertion
---------------------------------------------------------------------------------
---------------------------------------------------------------------------------
Finished Flattening Before IO Insertion
---------------------------------------------------------------------------------
---------------------------------------------------------------------------------
Start Final Netlist Cleanup
---------------------------------------------------------------------------------
---------------------------------------------------------------------------------
Finished Final Netlist Cleanup
---------------------------------------------------------------------------------
---------------------------------------------------------------------------------
Finished IO Insertion : Time (s): cpu = 00:00:12 ; elapsed = 00:00:14 . Memory (MB): peak = 2763.082 ; gain = 8.004 ; free physical = 1000 ; free virtual = 4404
---------------------------------------------------------------------------------
---------------------------------------------------------------------------------
Start Renaming Generated Instances
---------------------------------------------------------------------------------
---------------------------------------------------------------------------------
Finished Renaming Generated Instances : Time (s): cpu = 00:00:12 ; elapsed = 00:00:14 . Memory (MB): peak = 2763.082 ; gain = 8.004 ; free physical = 1000 ; free virtual = 4404
---------------------------------------------------------------------------------
---------------------------------------------------------------------------------
Start Rebuilding User Hierarchy
---------------------------------------------------------------------------------
---------------------------------------------------------------------------------
Finished Rebuilding User Hierarchy : Time (s): cpu = 00:00:12 ; elapsed = 00:00:14 . Memory (MB): peak = 2763.082 ; gain = 8.004 ; free physical = 1000 ; free virtual = 4404
---------------------------------------------------------------------------------
---------------------------------------------------------------------------------
Start Renaming Generated Ports
---------------------------------------------------------------------------------
---------------------------------------------------------------------------------
Finished Renaming Generated Ports : Time (s): cpu = 00:00:12 ; elapsed = 00:00:14 . Memory (MB): peak = 2763.082 ; gain = 8.004 ; free physical = 1000 ; free virtual = 4404
---------------------------------------------------------------------------------
---------------------------------------------------------------------------------
Start Handling Custom Attributes
---------------------------------------------------------------------------------
---------------------------------------------------------------------------------
Finished Handling Custom Attributes : Time (s): cpu = 00:00:12 ; elapsed = 00:00:14 . Memory (MB): peak = 2763.082 ; gain = 8.004 ; free physical = 1000 ; free virtual = 4404
---------------------------------------------------------------------------------
---------------------------------------------------------------------------------
Start Renaming Generated Nets
---------------------------------------------------------------------------------
---------------------------------------------------------------------------------
Finished Renaming Generated Nets : Time (s): cpu = 00:00:12 ; elapsed = 00:00:14 . Memory (MB): peak = 2763.082 ; gain = 8.004 ; free physical = 1000 ; free virtual = 4404
---------------------------------------------------------------------------------
---------------------------------------------------------------------------------
Start Writing Synthesis Report
---------------------------------------------------------------------------------

Report BlackBoxes: 
+-+--------------+----------+
| |BlackBox name |Instances |
+-+--------------+----------+
+-+--------------+----------+

Report Cell Usage: 
+------+-----+------+
|      |Cell |Count |
+------+-----+------+
|1     |FDRE |     2|
+------+-----+------+

Report Instance Areas: 
+------+---------+------------+------+
|      |Instance |Module      |Cells |
+------+---------+------------+------+
|1     |top      |            |     2|
|2     |  U0     |meta_harden |     2|
+------+---------+------------+------+
---------------------------------------------------------------------------------
Finished Writing Synthesis Report : Time (s): cpu = 00:00:12 ; elapsed = 00:00:14 . Memory (MB): peak = 2763.082 ; gain = 8.004 ; free physical = 1000 ; free virtual = 4404
---------------------------------------------------------------------------------
Synthesis finished with 0 errors, 0 critical warnings and 1 warnings.
Synthesis Optimization Runtime : Time (s): cpu = 00:00:12 ; elapsed = 00:00:14 . Memory (MB): peak = 2763.082 ; gain = 8.004 ; free physical = 1000 ; free virtual = 4404
Synthesis Optimization Complete : Time (s): cpu = 00:00:12 ; elapsed = 00:00:14 . Memory (MB): peak = 2763.090 ; gain = 8.004 ; free physical = 1000 ; free virtual = 4404
INFO: [Project 1-571] Translating synthesized netlist
Netlist sorting complete. Time (s): cpu = 00:00:00 ; elapsed = 00:00:00 . Memory (MB): peak = 2763.090 ; gain = 0.000 ; free physical = 966 ; free virtual = 4385
INFO: [Project 1-570] Preparing netlist for logic optimization
INFO: [Opt 31-138] Pushed 0 inverter(s) to 0 load pin(s).
Netlist sorting complete. Time (s): cpu = 00:00:00 ; elapsed = 00:00:00 . Memory (MB): peak = 2798.832 ; gain = 0.000 ; free physical = 1178 ; free virtual = 4598
INFO: [Project 1-111] Unisim Transformation Summary:
No Unisim elements were transformed.

Synth Design complete, checksum: ff73db65
INFO: [Common 17-83] Releasing license: Synthesis
19 Infos, 1 Warnings, 0 Critical Warnings and 0 Errors encountered.
synth_design completed successfully
synth_design: Time (s): cpu = 00:00:19 ; elapsed = 00:00:15 . Memory (MB): peak = 2798.832 ; gain = 51.758 ; free physical = 1392 ; free virtual = 4813
INFO: [Timing 38-35] Done setting XDC timing constraints.
INFO: [Common 17-1381] The checkpoint '/home/chris/workspace/sp22-e520-lab-assignment7-ychen0223/part1/UART_LED_Subsystem.runs/UART_LED_Subsystem_meta_harden_1_0_synth_1/UART_LED_Subsystem_meta_harden_1_0.dcp' has been generated.
INFO: [Coretcl 2-1648] Added synthesis output to IP cache for IP UART_LED_Subsystem_meta_harden_1_0, cache-ID = 1393ffaffa21ffdd
INFO: [Common 17-1381] The checkpoint '/home/chris/workspace/sp22-e520-lab-assignment7-ychen0223/part1/UART_LED_Subsystem.runs/UART_LED_Subsystem_meta_harden_1_0_synth_1/UART_LED_Subsystem_meta_harden_1_0.dcp' has been generated.
INFO: [runtcl-4] Executing : report_utilization -file UART_LED_Subsystem_meta_harden_1_0_utilization_synth.rpt -pb UART_LED_Subsystem_meta_harden_1_0_utilization_synth.pb
INFO: [Common 17-206] Exiting Vivado at Thu Apr 14 13:44:44 2022...
