Copyright 1986-2021 Xilinx, Inc. All Rights Reserved.
----------------------------------------------------------------------------------------------------------------------------------------------------------------------
| Tool Version     : Vivado v.2021.2 (lin64) Build 3367213 Tue Oct 19 02:47:39 MDT 2021
| Date             : Sat Apr 16 22:19:26 2022
| Host             : chris-IdeaPad-5-Pro-14ACN6 running 64-bit Ubuntu 20.04.4 LTS
| Command          : report_power -file design_2_wrapper_power_routed.rpt -pb design_2_wrapper_power_summary_routed.pb -rpx design_2_wrapper_power_routed.rpx
| Design           : design_2_wrapper
| Device           : xc7z020clg400-1
| Design State     : routed
| Grade            : commercial
| Process          : typical
| Characterization : Production
----------------------------------------------------------------------------------------------------------------------------------------------------------------------

Power Report

Table of Contents
-----------------
1. Summary
1.1 On-Chip Components
1.2 Power Supply Summary
1.3 Confidence Level
2. Settings
2.1 Environment
2.2 Clock Constraints
3. Detailed Reports
3.1 By Hierarchy

1. Summary
----------

+--------------------------+--------------+
| Total On-Chip Power (W)  | 1.541        |
| Design Power Budget (W)  | Unspecified* |
| Power Budget Margin (W)  | NA           |
| Dynamic (W)              | 1.405        |
| Device Static (W)        | 0.136        |
| Effective TJA (C/W)      | 11.5         |
| Max Ambient (C)          | 67.2         |
| Junction Temperature (C) | 42.8         |
| Confidence Level         | Medium       |
| Setting File             | ---          |
| Simulation Activity File | ---          |
| Design Nets Matched      | NA           |
+--------------------------+--------------+
* Specify Design Power Budget using, set_operating_conditions -design_power_budget <value in Watts>


1.1 On-Chip Components
----------------------

+-------------------------+-----------+----------+-----------+-----------------+
| On-Chip                 | Power (W) | Used     | Available | Utilization (%) |
+-------------------------+-----------+----------+-----------+-----------------+
| Clocks                  |     0.001 |        3 |       --- |             --- |
| Slice Logic             |    <0.001 |     1272 |       --- |             --- |
|   LUT as Logic          |    <0.001 |      338 |     53200 |            0.64 |
|   Register              |    <0.001 |      569 |    106400 |            0.53 |
|   CARRY4                |    <0.001 |        6 |     13300 |            0.05 |
|   LUT as Shift Register |    <0.001 |       60 |     17400 |            0.34 |
|   Others                |     0.000 |      186 |       --- |             --- |
| Signals                 |    <0.001 |      928 |       --- |             --- |
| DSPs                    |    <0.001 |        1 |       220 |            0.45 |
| PS7                     |     1.402 |        1 |       --- |             --- |
| Static Power            |     0.136 |          |           |                 |
| Total                   |     1.541 |          |           |                 |
+-------------------------+-----------+----------+-----------+-----------------+


1.2 Power Supply Summary
------------------------

+-----------+-------------+-----------+-------------+------------+-------------+-------------+------------+
| Source    | Voltage (V) | Total (A) | Dynamic (A) | Static (A) | Powerup (A) | Budget (A)  | Margin (A) |
+-----------+-------------+-----------+-------------+------------+-------------+-------------+------------+
| Vccint    |       1.000 |     0.016 |       0.002 |      0.014 |       NA    | Unspecified | NA         |
| Vccaux    |       1.800 |     0.015 |       0.000 |      0.015 |       NA    | Unspecified | NA         |
| Vcco33    |       3.300 |     0.000 |       0.000 |      0.000 |       NA    | Unspecified | NA         |
| Vcco25    |       2.500 |     0.000 |       0.000 |      0.000 |       NA    | Unspecified | NA         |
| Vcco18    |       1.800 |     0.000 |       0.000 |      0.000 |       NA    | Unspecified | NA         |
| Vcco15    |       1.500 |     0.000 |       0.000 |      0.000 |       NA    | Unspecified | NA         |
| Vcco135   |       1.350 |     0.000 |       0.000 |      0.000 |       NA    | Unspecified | NA         |
| Vcco12    |       1.200 |     0.000 |       0.000 |      0.000 |       NA    | Unspecified | NA         |
| Vccaux_io |       1.800 |     0.000 |       0.000 |      0.000 |       NA    | Unspecified | NA         |
| Vccbram   |       1.000 |     0.001 |       0.000 |      0.001 |       NA    | Unspecified | NA         |
| MGTAVcc   |       1.000 |     0.000 |       0.000 |      0.000 |       NA    | Unspecified | NA         |
| MGTAVtt   |       1.200 |     0.000 |       0.000 |      0.000 |       NA    | Unspecified | NA         |
| MGTVccaux |       1.800 |     0.000 |       0.000 |      0.000 |       NA    | Unspecified | NA         |
| Vccpint   |       1.000 |     0.751 |       0.722 |      0.028 |       NA    | Unspecified | NA         |
| Vccpaux   |       1.800 |     0.061 |       0.050 |      0.010 |       NA    | Unspecified | NA         |
| Vccpll    |       1.800 |     0.018 |       0.015 |      0.003 |       NA    | Unspecified | NA         |
| Vcco_ddr  |       1.350 |     0.413 |       0.411 |      0.002 |       NA    | Unspecified | NA         |
| Vcco_mio0 |       1.800 |     0.004 |       0.003 |      0.001 |       NA    | Unspecified | NA         |
| Vcco_mio1 |       1.800 |     0.001 |       0.000 |      0.001 |       NA    | Unspecified | NA         |
| Vccadc    |       1.800 |     0.020 |       0.000 |      0.020 |       NA    | Unspecified | NA         |
+-----------+-------------+-----------+-------------+------------+-------------+-------------+------------+


1.3 Confidence Level
--------------------

+-----------------------------+------------+------------------------------------------------+------------------------------------------------------------------------------------------------------------+
| User Input Data             | Confidence | Details                                        | Action                                                                                                     |
+-----------------------------+------------+------------------------------------------------+------------------------------------------------------------------------------------------------------------+
| Design implementation state | High       | Design is routed                               |                                                                                                            |
| Clock nodes activity        | High       | User specified more than 95% of clocks         |                                                                                                            |
| I/O nodes activity          | High       | User specified more than 95% of inputs         |                                                                                                            |
| Internal nodes activity     | Medium     | User specified less than 25% of internal nodes | Provide missing internal nodes activity with simulation results or by editing the "By Resource Type" views |
| Device models               | High       | Device models are Production                   |                                                                                                            |
|                             |            |                                                |                                                                                                            |
| Overall confidence level    | Medium     |                                                |                                                                                                            |
+-----------------------------+------------+------------------------------------------------+------------------------------------------------------------------------------------------------------------+


2. Settings
-----------

2.1 Environment
---------------

+-----------------------+------------------------+
| Ambient Temp (C)      | 25.0                   |
| ThetaJA (C/W)         | 11.5                   |
| Airflow (LFM)         | 250                    |
| Heat Sink             | none                   |
| ThetaSA (C/W)         | 0.0                    |
| Board Selection       | medium (10"x10")       |
| # of Board Layers     | 8to11 (8 to 11 Layers) |
| Board Temperature (C) | 25.0                   |
+-----------------------+------------------------+


2.2 Clock Constraints
---------------------

+------------+-------------------------------------------------------------+-----------------+
| Clock      | Domain                                                      | Constraint (ns) |
+------------+-------------------------------------------------------------+-----------------+
| clk_fpga_0 | design_2_i/processing_system7_0/inst/FCLK_CLK_unbuffered[0] |            20.0 |
+------------+-------------------------------------------------------------+-----------------+


3. Detailed Reports
-------------------

3.1 By Hierarchy
----------------

+--------------------------+-----------+
| Name                     | Power (W) |
+--------------------------+-----------+
| design_2_wrapper         |     1.405 |
|   design_2_i             |     1.405 |
|     processing_system7_0 |     1.402 |
|       inst               |     1.402 |
|     ps7_0_axi_periph     |     0.002 |
|       s00_couplers       |     0.002 |
+--------------------------+-----------+


