22:22:40 INFO  : Platform repository initialization has completed.
22:22:40 INFO  : Launching XSCT server: xsct -n  -interactive /home/chris/workspace/sp22-e520-lab-assignment7-ychen0223/part3/software/temp_xsdb_launch_script.tcl
22:22:40 INFO  : Registering command handlers for Vitis TCF services
22:22:44 INFO  : XSCT server has started successfully.
22:22:44 INFO  : Successfully done setting XSCT server connection channel  
22:22:44 INFO  : plnx-install-location is set to ''
22:22:44 INFO  : Successfully done query RDI_DATADIR 
22:22:44 INFO  : Successfully done setting workspace for the tool. 
22:23:45 INFO  : Result from executing command 'getProjects': design_2_wrapper
22:23:45 INFO  : Result from executing command 'getPlatforms': 
22:23:45 WARN  : An unexpected exception occurred in the module 'platform project logging'
22:23:46 INFO  : Platform 'design_2_wrapper' is added to custom repositories.
22:23:54 INFO  : Platform 'design_2_wrapper' is added to custom repositories.
22:52:16 INFO  : Connected to target on host '127.0.0.1' and port '3121'.
22:52:17 INFO  : 'targets -set -filter {jtag_cable_name =~ "Digilent Zybo Z7 210351A81DEBA" && level==0 && jtag_device_ctx=="jsn-Zybo Z7-210351A81DEBA-23727093-0"}' command is executed.
22:52:19 INFO  : Device configured successfully with "/home/chris/workspace/sp22-e520-lab-assignment7-ychen0223/part3/software/mult_app/_ide/bitstream/design_2_wrapper.bit"
22:56:03 INFO  : Result from executing command 'getProjects': design_2_wrapper
22:56:03 INFO  : Result from executing command 'getPlatforms': design_2_wrapper|/home/chris/workspace/sp22-e520-lab-assignment7-ychen0223/part3/software/design_2_wrapper/export/design_2_wrapper/design_2_wrapper.xpfm
22:56:14 INFO  : Checking for BSP changes to sync application flags for project 'mult_app'...
22:58:17 INFO  : Result from executing command 'removePlatformRepo': 
22:58:29 INFO  : Result from executing command 'getProjects': design_2_wrapper
22:58:29 INFO  : Result from executing command 'getPlatforms': 
22:58:32 INFO  : Checking for BSP changes to sync application flags for project 'mult_app'...
22:58:54 INFO  : Connected to target on host '127.0.0.1' and port '3121'.
22:58:54 INFO  : Jtag cable 'Digilent Zybo Z7 210351A81DEBA' is selected.
22:58:54 INFO  : 'jtag frequency' command is executed.
22:58:54 INFO  : Context for 'APU' is selected.
22:58:55 INFO  : System reset is completed.
22:58:58 INFO  : 'after 3000' command is executed.
22:58:58 INFO  : 'targets -set -filter {jtag_cable_name =~ "Digilent Zybo Z7 210351A81DEBA" && level==0 && jtag_device_ctx=="jsn-Zybo Z7-210351A81DEBA-23727093-0"}' command is executed.
22:59:00 INFO  : Device configured successfully with "/home/chris/workspace/sp22-e520-lab-assignment7-ychen0223/part3/software/mult_app/_ide/bitstream/design_2_wrapper.bit"
22:59:00 INFO  : Context for 'APU' is selected.
22:59:00 INFO  : Hardware design and registers information is loaded from '/home/chris/workspace/sp22-e520-lab-assignment7-ychen0223/part3/software/design_2_wrapper/export/design_2_wrapper/hw/design_2_wrapper.xsa'.
22:59:00 INFO  : 'configparams force-mem-access 1' command is executed.
22:59:00 INFO  : Context for 'APU' is selected.
22:59:00 INFO  : Sourcing of '/home/chris/workspace/sp22-e520-lab-assignment7-ychen0223/part3/software/mult_app/_ide/psinit/ps7_init.tcl' is done.
22:59:00 INFO  : 'ps7_init' command is executed.
22:59:00 INFO  : 'ps7_post_config' command is executed.
22:59:00 INFO  : Context for processor 'ps7_cortexa9_0' is selected.
22:59:00 INFO  : The application '/home/chris/workspace/sp22-e520-lab-assignment7-ychen0223/part3/software/mult_app/Debug/mult_app.elf' is downloaded to processor 'ps7_cortexa9_0'.
22:59:00 INFO  : 'configparams force-mem-access 0' command is executed.
22:59:00 INFO  : ----------------XSDB Script----------------
connect -url tcp:127.0.0.1:3121
targets -set -nocase -filter {name =~"APU*"}
rst -system
after 3000
targets -set -filter {jtag_cable_name =~ "Digilent Zybo Z7 210351A81DEBA" && level==0 && jtag_device_ctx=="jsn-Zybo Z7-210351A81DEBA-23727093-0"}
fpga -file /home/chris/workspace/sp22-e520-lab-assignment7-ychen0223/part3/software/mult_app/_ide/bitstream/design_2_wrapper.bit
targets -set -nocase -filter {name =~"APU*"}
loadhw -hw /home/chris/workspace/sp22-e520-lab-assignment7-ychen0223/part3/software/design_2_wrapper/export/design_2_wrapper/hw/design_2_wrapper.xsa -mem-ranges [list {0x40000000 0xbfffffff}] -regs
configparams force-mem-access 1
targets -set -nocase -filter {name =~"APU*"}
source /home/chris/workspace/sp22-e520-lab-assignment7-ychen0223/part3/software/mult_app/_ide/psinit/ps7_init.tcl
ps7_init
ps7_post_config
targets -set -nocase -filter {name =~ "*A9*#0"}
dow /home/chris/workspace/sp22-e520-lab-assignment7-ychen0223/part3/software/mult_app/Debug/mult_app.elf
configparams force-mem-access 0
----------------End of Script----------------

22:59:00 INFO  : Context for processor 'ps7_cortexa9_0' is selected.
22:59:00 INFO  : 'con' command is executed.
22:59:00 INFO  : ----------------XSDB Script (After Launch)----------------
targets -set -nocase -filter {name =~ "*A9*#0"}
con
----------------End of Script----------------

22:59:00 INFO  : Launch script is exported to file '/home/chris/workspace/sp22-e520-lab-assignment7-ychen0223/part3/software/mult_app_system/_ide/scripts/systemdebugger_mult_app_system_standalone.tcl'
23:00:42 INFO  : Disconnected from the channel tcfchan#1.
