15:38:11 INFO  : Platform repository initialization has completed.
15:38:11 INFO  : Launching XSCT server: xsct -n  -interactive /home/chris/workspace/sp22-e520-lab-assignment7-ychen0223/part4/software/temp_xsdb_launch_script.tcl
15:38:11 INFO  : Registering command handlers for Vitis TCF services
15:38:14 INFO  : XSCT server has started successfully.
15:38:14 INFO  : Successfully done setting XSCT server connection channel  
15:38:15 INFO  : plnx-install-location is set to ''
15:38:15 INFO  : Successfully done setting workspace for the tool. 
15:38:15 INFO  : Successfully done query RDI_DATADIR 
15:39:21 INFO  : Result from executing command 'getProjects': design_1_wrapper
15:39:21 INFO  : Result from executing command 'getPlatforms': 
15:39:21 WARN  : An unexpected exception occurred in the module 'platform project logging'
15:39:21 INFO  : Platform 'design_1_wrapper' is added to custom repositories.
15:39:29 INFO  : Platform 'design_1_wrapper' is added to custom repositories.
16:33:19 INFO  : Result from executing command 'getProjects': design_1_wrapper
16:33:19 INFO  : Result from executing command 'getPlatforms': design_1_wrapper|/home/chris/workspace/sp22-e520-lab-assignment7-ychen0223/part4/software/design_1_wrapper/export/design_1_wrapper/design_1_wrapper.xpfm
16:33:22 INFO  : Checking for BSP changes to sync application flags for project 'led_app'...
16:34:27 INFO  : Checking for BSP changes to sync application flags for project 'led_app'...
16:35:43 INFO  : Checking for BSP changes to sync application flags for project 'led_app'...
16:35:52 INFO  : Checking for BSP changes to sync application flags for project 'led_app'...
16:36:19 INFO  : Connected to target on host '127.0.0.1' and port '3121'.
16:36:19 INFO  : Jtag cable 'Digilent Zybo Z7 210351A81DEBA' is selected.
16:36:19 INFO  : 'jtag frequency' command is executed.
16:36:19 INFO  : Context for 'APU' is selected.
16:36:19 INFO  : System reset is completed.
16:36:22 INFO  : 'after 3000' command is executed.
16:36:22 INFO  : 'targets -set -filter {jtag_cable_name =~ "Digilent Zybo Z7 210351A81DEBA" && level==0 && jtag_device_ctx=="jsn-Zybo Z7-210351A81DEBA-23727093-0"}' command is executed.
16:36:24 INFO  : Device configured successfully with "/home/chris/workspace/sp22-e520-lab-assignment7-ychen0223/part4/software/led_app/_ide/bitstream/design_1_wrapper.bit"
16:36:25 INFO  : Context for 'APU' is selected.
16:36:25 INFO  : Hardware design and registers information is loaded from '/home/chris/workspace/sp22-e520-lab-assignment7-ychen0223/part4/software/design_1_wrapper/export/design_1_wrapper/hw/design_1_wrapper.xsa'.
16:36:25 INFO  : 'configparams force-mem-access 1' command is executed.
16:36:25 INFO  : Context for 'APU' is selected.
16:36:25 INFO  : Sourcing of '/home/chris/workspace/sp22-e520-lab-assignment7-ychen0223/part4/software/led_app/_ide/psinit/ps7_init.tcl' is done.
16:36:25 INFO  : 'ps7_init' command is executed.
16:36:25 INFO  : 'ps7_post_config' command is executed.
16:36:25 INFO  : Context for processor 'ps7_cortexa9_0' is selected.
16:36:25 INFO  : The application '/home/chris/workspace/sp22-e520-lab-assignment7-ychen0223/part4/software/led_app/Debug/led_app.elf' is downloaded to processor 'ps7_cortexa9_0'.
16:36:25 INFO  : 'configparams force-mem-access 0' command is executed.
16:36:25 INFO  : ----------------XSDB Script----------------
connect -url tcp:127.0.0.1:3121
targets -set -nocase -filter {name =~"APU*"}
rst -system
after 3000
targets -set -filter {jtag_cable_name =~ "Digilent Zybo Z7 210351A81DEBA" && level==0 && jtag_device_ctx=="jsn-Zybo Z7-210351A81DEBA-23727093-0"}
fpga -file /home/chris/workspace/sp22-e520-lab-assignment7-ychen0223/part4/software/led_app/_ide/bitstream/design_1_wrapper.bit
targets -set -nocase -filter {name =~"APU*"}
loadhw -hw /home/chris/workspace/sp22-e520-lab-assignment7-ychen0223/part4/software/design_1_wrapper/export/design_1_wrapper/hw/design_1_wrapper.xsa -mem-ranges [list {0x40000000 0xbfffffff}] -regs
configparams force-mem-access 1
targets -set -nocase -filter {name =~"APU*"}
source /home/chris/workspace/sp22-e520-lab-assignment7-ychen0223/part4/software/led_app/_ide/psinit/ps7_init.tcl
ps7_init
ps7_post_config
targets -set -nocase -filter {name =~ "*A9*#0"}
dow /home/chris/workspace/sp22-e520-lab-assignment7-ychen0223/part4/software/led_app/Debug/led_app.elf
configparams force-mem-access 0
----------------End of Script----------------

16:36:25 INFO  : Context for processor 'ps7_cortexa9_0' is selected.
16:36:25 INFO  : 'con' command is executed.
16:36:25 INFO  : ----------------XSDB Script (After Launch)----------------
targets -set -nocase -filter {name =~ "*A9*#0"}
con
----------------End of Script----------------

16:36:25 INFO  : Launch script is exported to file '/home/chris/workspace/sp22-e520-lab-assignment7-ychen0223/part4/software/led_app_system/_ide/scripts/systemdebugger_led_app_system_standalone.tcl'
16:46:15 INFO  : Checking for BSP changes to sync application flags for project 'led_app'...
16:47:35 INFO  : Checking for BSP changes to sync application flags for project 'led_app'...
16:48:14 INFO  : Disconnected from the channel tcfchan#3.
16:48:14 INFO  : Connected to target on host '127.0.0.1' and port '3121'.
16:48:14 INFO  : Jtag cable 'Digilent Zybo Z7 210351A81DEBA' is selected.
16:48:14 INFO  : 'jtag frequency' command is executed.
16:48:14 INFO  : Context for 'APU' is selected.
16:48:14 INFO  : System reset is completed.
16:48:17 INFO  : 'after 3000' command is executed.
16:48:17 INFO  : 'targets -set -filter {jtag_cable_name =~ "Digilent Zybo Z7 210351A81DEBA" && level==0 && jtag_device_ctx=="jsn-Zybo Z7-210351A81DEBA-23727093-0"}' command is executed.
16:48:19 INFO  : Device configured successfully with "/home/chris/workspace/sp22-e520-lab-assignment7-ychen0223/part4/software/led_app/_ide/bitstream/design_1_wrapper.bit"
16:48:19 INFO  : Context for 'APU' is selected.
16:48:19 INFO  : Hardware design and registers information is loaded from '/home/chris/workspace/sp22-e520-lab-assignment7-ychen0223/part4/software/design_1_wrapper/export/design_1_wrapper/hw/design_1_wrapper.xsa'.
16:48:19 INFO  : 'configparams force-mem-access 1' command is executed.
16:48:19 INFO  : Context for 'APU' is selected.
16:48:20 INFO  : Sourcing of '/home/chris/workspace/sp22-e520-lab-assignment7-ychen0223/part4/software/led_app/_ide/psinit/ps7_init.tcl' is done.
16:48:20 INFO  : 'ps7_init' command is executed.
16:48:20 INFO  : 'ps7_post_config' command is executed.
16:48:20 INFO  : Context for processor 'ps7_cortexa9_0' is selected.
16:48:20 INFO  : The application '/home/chris/workspace/sp22-e520-lab-assignment7-ychen0223/part4/software/led_app/Debug/led_app.elf' is downloaded to processor 'ps7_cortexa9_0'.
16:48:20 INFO  : 'configparams force-mem-access 0' command is executed.
16:48:20 INFO  : ----------------XSDB Script----------------
connect -url tcp:127.0.0.1:3121
targets -set -nocase -filter {name =~"APU*"}
rst -system
after 3000
targets -set -filter {jtag_cable_name =~ "Digilent Zybo Z7 210351A81DEBA" && level==0 && jtag_device_ctx=="jsn-Zybo Z7-210351A81DEBA-23727093-0"}
fpga -file /home/chris/workspace/sp22-e520-lab-assignment7-ychen0223/part4/software/led_app/_ide/bitstream/design_1_wrapper.bit
targets -set -nocase -filter {name =~"APU*"}
loadhw -hw /home/chris/workspace/sp22-e520-lab-assignment7-ychen0223/part4/software/design_1_wrapper/export/design_1_wrapper/hw/design_1_wrapper.xsa -mem-ranges [list {0x40000000 0xbfffffff}] -regs
configparams force-mem-access 1
targets -set -nocase -filter {name =~"APU*"}
source /home/chris/workspace/sp22-e520-lab-assignment7-ychen0223/part4/software/led_app/_ide/psinit/ps7_init.tcl
ps7_init
ps7_post_config
targets -set -nocase -filter {name =~ "*A9*#0"}
dow /home/chris/workspace/sp22-e520-lab-assignment7-ychen0223/part4/software/led_app/Debug/led_app.elf
configparams force-mem-access 0
----------------End of Script----------------

16:48:20 INFO  : Context for processor 'ps7_cortexa9_0' is selected.
16:48:20 INFO  : 'con' command is executed.
16:48:20 INFO  : ----------------XSDB Script (After Launch)----------------
targets -set -nocase -filter {name =~ "*A9*#0"}
con
----------------End of Script----------------

16:48:20 INFO  : Launch script is exported to file '/home/chris/workspace/sp22-e520-lab-assignment7-ychen0223/part4/software/led_app_system/_ide/scripts/systemdebugger_led_app_system_standalone.tcl'
16:48:30 INFO  : Disconnected from the channel tcfchan#5.
16:48:30 INFO  : Connected to target on host '127.0.0.1' and port '3121'.
16:48:31 INFO  : Jtag cable 'Digilent Zybo Z7 210351A81DEBA' is selected.
16:48:31 INFO  : 'jtag frequency' command is executed.
16:48:31 INFO  : Context for 'APU' is selected.
16:48:31 INFO  : System reset is completed.
16:48:34 INFO  : 'after 3000' command is executed.
16:48:34 INFO  : 'targets -set -filter {jtag_cable_name =~ "Digilent Zybo Z7 210351A81DEBA" && level==0 && jtag_device_ctx=="jsn-Zybo Z7-210351A81DEBA-23727093-0"}' command is executed.
16:48:36 INFO  : Device configured successfully with "/home/chris/workspace/sp22-e520-lab-assignment7-ychen0223/part4/software/led_app/_ide/bitstream/design_1_wrapper.bit"
16:48:36 INFO  : Context for 'APU' is selected.
16:48:36 INFO  : Hardware design and registers information is loaded from '/home/chris/workspace/sp22-e520-lab-assignment7-ychen0223/part4/software/design_1_wrapper/export/design_1_wrapper/hw/design_1_wrapper.xsa'.
16:48:36 INFO  : 'configparams force-mem-access 1' command is executed.
16:48:36 INFO  : Context for 'APU' is selected.
16:48:36 INFO  : Sourcing of '/home/chris/workspace/sp22-e520-lab-assignment7-ychen0223/part4/software/led_app/_ide/psinit/ps7_init.tcl' is done.
16:48:36 INFO  : 'ps7_init' command is executed.
16:48:36 INFO  : 'ps7_post_config' command is executed.
16:48:36 INFO  : Context for processor 'ps7_cortexa9_0' is selected.
16:48:36 INFO  : The application '/home/chris/workspace/sp22-e520-lab-assignment7-ychen0223/part4/software/led_app/Debug/led_app.elf' is downloaded to processor 'ps7_cortexa9_0'.
16:48:37 INFO  : 'configparams force-mem-access 0' command is executed.
16:48:37 INFO  : ----------------XSDB Script----------------
connect -url tcp:127.0.0.1:3121
targets -set -nocase -filter {name =~"APU*"}
rst -system
after 3000
targets -set -filter {jtag_cable_name =~ "Digilent Zybo Z7 210351A81DEBA" && level==0 && jtag_device_ctx=="jsn-Zybo Z7-210351A81DEBA-23727093-0"}
fpga -file /home/chris/workspace/sp22-e520-lab-assignment7-ychen0223/part4/software/led_app/_ide/bitstream/design_1_wrapper.bit
targets -set -nocase -filter {name =~"APU*"}
loadhw -hw /home/chris/workspace/sp22-e520-lab-assignment7-ychen0223/part4/software/design_1_wrapper/export/design_1_wrapper/hw/design_1_wrapper.xsa -mem-ranges [list {0x40000000 0xbfffffff}] -regs
configparams force-mem-access 1
targets -set -nocase -filter {name =~"APU*"}
source /home/chris/workspace/sp22-e520-lab-assignment7-ychen0223/part4/software/led_app/_ide/psinit/ps7_init.tcl
ps7_init
ps7_post_config
targets -set -nocase -filter {name =~ "*A9*#0"}
dow /home/chris/workspace/sp22-e520-lab-assignment7-ychen0223/part4/software/led_app/Debug/led_app.elf
configparams force-mem-access 0
----------------End of Script----------------

16:48:37 INFO  : Context for processor 'ps7_cortexa9_0' is selected.
16:48:37 INFO  : 'con' command is executed.
16:48:37 INFO  : ----------------XSDB Script (After Launch)----------------
targets -set -nocase -filter {name =~ "*A9*#0"}
con
----------------End of Script----------------

16:48:37 INFO  : Launch script is exported to file '/home/chris/workspace/sp22-e520-lab-assignment7-ychen0223/part4/software/led_app_system/_ide/scripts/systemdebugger_led_app_system_standalone.tcl'
22:33:07 INFO  : Disconnected from the channel tcfchan#6.
22:33:07 INFO  : Connected to target on host '127.0.0.1' and port '3121'.
22:33:18 INFO  : Connected to target on host '127.0.0.1' and port '3121'.
22:33:18 INFO  : Jtag cable 'Digilent Zybo Z7 210351A81DEBA' is selected.
22:33:18 INFO  : 'jtag frequency' command is executed.
22:33:18 INFO  : Context for 'APU' is selected.
22:33:18 INFO  : System reset is completed.
22:33:21 INFO  : 'after 3000' command is executed.
22:33:24 INFO  : ----------------XSDB Script----------------
connect -url tcp:127.0.0.1:3121
----------------End of Script----------------

22:33:24 ERROR : Could not find ARM device on the board for connection 'Local'.
Check if the target is in:
1. Split JTAG - No operations are possible with ARM DAP.
2. Non JTAG bootmode - Bootrom may need time to enable DAP.
Please try again.


Troubleshooting hints:
1. Check whether board is connected to system properly.
2. In case of zynq board, check whether Digilent/Xilinx cable switch settings are correct.
3. If you are using Xilinx Platform Cable USB, ensure that status LED is green.
22:33:24 INFO  : 'targets -set -filter {jtag_cable_name =~ "Digilent Zybo Z7 210351A81DEBA" && level==0 && jtag_device_ctx=="jsn-Zybo Z7-210351A81DEBA-23727093-0"}' command is executed.
22:33:26 INFO  : Device configured successfully with "/home/chris/workspace/sp22-e520-lab-assignment7-ychen0223/part4/software/led_app/_ide/bitstream/design_1_wrapper.bit"
22:33:27 INFO  : Context for 'APU' is selected.
22:33:27 INFO  : Hardware design and registers information is loaded from '/home/chris/workspace/sp22-e520-lab-assignment7-ychen0223/part4/software/design_1_wrapper/export/design_1_wrapper/hw/design_1_wrapper.xsa'.
22:33:27 INFO  : 'configparams force-mem-access 1' command is executed.
22:33:27 INFO  : Context for 'APU' is selected.
22:33:27 INFO  : Sourcing of '/home/chris/workspace/sp22-e520-lab-assignment7-ychen0223/part4/software/led_app/_ide/psinit/ps7_init.tcl' is done.
22:33:28 INFO  : 'ps7_init' command is executed.
22:33:28 INFO  : 'ps7_post_config' command is executed.
22:33:28 INFO  : Context for processor 'ps7_cortexa9_0' is selected.
22:33:28 INFO  : The application '/home/chris/workspace/sp22-e520-lab-assignment7-ychen0223/part4/software/led_app/Debug/led_app.elf' is downloaded to processor 'ps7_cortexa9_0'.
22:33:28 INFO  : 'configparams force-mem-access 0' command is executed.
22:33:28 INFO  : ----------------XSDB Script----------------
connect -url tcp:127.0.0.1:3121
targets -set -nocase -filter {name =~"APU*"}
rst -system
after 3000
targets -set -filter {jtag_cable_name =~ "Digilent Zybo Z7 210351A81DEBA" && level==0 && jtag_device_ctx=="jsn-Zybo Z7-210351A81DEBA-23727093-0"}
fpga -file /home/chris/workspace/sp22-e520-lab-assignment7-ychen0223/part4/software/led_app/_ide/bitstream/design_1_wrapper.bit
targets -set -nocase -filter {name =~"APU*"}
loadhw -hw /home/chris/workspace/sp22-e520-lab-assignment7-ychen0223/part4/software/design_1_wrapper/export/design_1_wrapper/hw/design_1_wrapper.xsa -mem-ranges [list {0x40000000 0xbfffffff}] -regs
configparams force-mem-access 1
targets -set -nocase -filter {name =~"APU*"}
source /home/chris/workspace/sp22-e520-lab-assignment7-ychen0223/part4/software/led_app/_ide/psinit/ps7_init.tcl
ps7_init
ps7_post_config
targets -set -nocase -filter {name =~ "*A9*#0"}
dow /home/chris/workspace/sp22-e520-lab-assignment7-ychen0223/part4/software/led_app/Debug/led_app.elf
configparams force-mem-access 0
----------------End of Script----------------

22:33:28 INFO  : Context for processor 'ps7_cortexa9_0' is selected.
22:33:28 INFO  : 'con' command is executed.
22:33:28 INFO  : ----------------XSDB Script (After Launch)----------------
targets -set -nocase -filter {name =~ "*A9*#0"}
con
----------------End of Script----------------

22:33:28 INFO  : Launch script is exported to file '/home/chris/workspace/sp22-e520-lab-assignment7-ychen0223/part4/software/led_app_system/_ide/scripts/systemdebugger_led_app_system_standalone.tcl'
22:33:30 INFO  : Disconnected from the channel tcfchan#7.
22:33:30 INFO  : Connected to target on host '127.0.0.1' and port '3121'.
22:33:30 INFO  : Jtag cable 'Digilent Zybo Z7 210351A81DEBA' is selected.
22:33:30 INFO  : 'jtag frequency' command is executed.
22:33:30 INFO  : Context for 'APU' is selected.
22:33:30 INFO  : System reset is completed.
22:33:33 INFO  : 'after 3000' command is executed.
22:33:33 INFO  : 'targets -set -filter {jtag_cable_name =~ "Digilent Zybo Z7 210351A81DEBA" && level==0 && jtag_device_ctx=="jsn-Zybo Z7-210351A81DEBA-23727093-0"}' command is executed.
22:33:35 INFO  : Device configured successfully with "/home/chris/workspace/sp22-e520-lab-assignment7-ychen0223/part4/software/led_app/_ide/bitstream/design_1_wrapper.bit"
22:33:35 INFO  : Context for 'APU' is selected.
22:33:35 INFO  : Hardware design and registers information is loaded from '/home/chris/workspace/sp22-e520-lab-assignment7-ychen0223/part4/software/design_1_wrapper/export/design_1_wrapper/hw/design_1_wrapper.xsa'.
22:33:35 INFO  : 'configparams force-mem-access 1' command is executed.
22:33:35 INFO  : Context for 'APU' is selected.
22:33:35 INFO  : Sourcing of '/home/chris/workspace/sp22-e520-lab-assignment7-ychen0223/part4/software/led_app/_ide/psinit/ps7_init.tcl' is done.
22:33:36 INFO  : 'ps7_init' command is executed.
22:33:36 INFO  : 'ps7_post_config' command is executed.
22:33:36 INFO  : Context for processor 'ps7_cortexa9_0' is selected.
22:33:36 INFO  : The application '/home/chris/workspace/sp22-e520-lab-assignment7-ychen0223/part4/software/led_app/Debug/led_app.elf' is downloaded to processor 'ps7_cortexa9_0'.
22:33:36 INFO  : 'configparams force-mem-access 0' command is executed.
22:33:36 INFO  : ----------------XSDB Script----------------
connect -url tcp:127.0.0.1:3121
targets -set -nocase -filter {name =~"APU*"}
rst -system
after 3000
targets -set -filter {jtag_cable_name =~ "Digilent Zybo Z7 210351A81DEBA" && level==0 && jtag_device_ctx=="jsn-Zybo Z7-210351A81DEBA-23727093-0"}
fpga -file /home/chris/workspace/sp22-e520-lab-assignment7-ychen0223/part4/software/led_app/_ide/bitstream/design_1_wrapper.bit
targets -set -nocase -filter {name =~"APU*"}
loadhw -hw /home/chris/workspace/sp22-e520-lab-assignment7-ychen0223/part4/software/design_1_wrapper/export/design_1_wrapper/hw/design_1_wrapper.xsa -mem-ranges [list {0x40000000 0xbfffffff}] -regs
configparams force-mem-access 1
targets -set -nocase -filter {name =~"APU*"}
source /home/chris/workspace/sp22-e520-lab-assignment7-ychen0223/part4/software/led_app/_ide/psinit/ps7_init.tcl
ps7_init
ps7_post_config
targets -set -nocase -filter {name =~ "*A9*#0"}
dow /home/chris/workspace/sp22-e520-lab-assignment7-ychen0223/part4/software/led_app/Debug/led_app.elf
configparams force-mem-access 0
----------------End of Script----------------

22:33:36 INFO  : Context for processor 'ps7_cortexa9_0' is selected.
22:33:36 INFO  : 'con' command is executed.
22:33:36 INFO  : ----------------XSDB Script (After Launch)----------------
targets -set -nocase -filter {name =~ "*A9*#0"}
con
----------------End of Script----------------

22:33:36 INFO  : Launch script is exported to file '/home/chris/workspace/sp22-e520-lab-assignment7-ychen0223/part4/software/led_app_system/_ide/scripts/systemdebugger_led_app_system_standalone.tcl'
22:34:00 INFO  : Disconnected from the channel tcfchan#8.
22:34:00 INFO  : Connected to target on host '127.0.0.1' and port '3121'.
22:34:00 INFO  : Jtag cable 'Digilent Zybo Z7 210351A81DEBA' is selected.
22:34:00 INFO  : 'jtag frequency' command is executed.
22:34:00 INFO  : Context for 'APU' is selected.
22:34:00 INFO  : System reset is completed.
22:34:03 INFO  : 'after 3000' command is executed.
22:34:03 INFO  : 'targets -set -filter {jtag_cable_name =~ "Digilent Zybo Z7 210351A81DEBA" && level==0 && jtag_device_ctx=="jsn-Zybo Z7-210351A81DEBA-23727093-0"}' command is executed.
22:34:05 INFO  : Device configured successfully with "/home/chris/workspace/sp22-e520-lab-assignment7-ychen0223/part4/software/led_app/_ide/bitstream/design_1_wrapper.bit"
22:34:05 INFO  : Context for 'APU' is selected.
22:34:05 INFO  : Hardware design and registers information is loaded from '/home/chris/workspace/sp22-e520-lab-assignment7-ychen0223/part4/software/design_1_wrapper/export/design_1_wrapper/hw/design_1_wrapper.xsa'.
22:34:06 INFO  : 'configparams force-mem-access 1' command is executed.
22:34:06 INFO  : Context for 'APU' is selected.
22:34:06 INFO  : Sourcing of '/home/chris/workspace/sp22-e520-lab-assignment7-ychen0223/part4/software/led_app/_ide/psinit/ps7_init.tcl' is done.
22:34:06 INFO  : 'ps7_init' command is executed.
22:34:06 INFO  : 'ps7_post_config' command is executed.
22:34:06 INFO  : Context for processor 'ps7_cortexa9_0' is selected.
22:34:06 INFO  : The application '/home/chris/workspace/sp22-e520-lab-assignment7-ychen0223/part4/software/led_app/Debug/led_app.elf' is downloaded to processor 'ps7_cortexa9_0'.
22:34:06 INFO  : 'configparams force-mem-access 0' command is executed.
22:34:06 INFO  : ----------------XSDB Script----------------
connect -url tcp:127.0.0.1:3121
targets -set -nocase -filter {name =~"APU*"}
rst -system
after 3000
targets -set -filter {jtag_cable_name =~ "Digilent Zybo Z7 210351A81DEBA" && level==0 && jtag_device_ctx=="jsn-Zybo Z7-210351A81DEBA-23727093-0"}
fpga -file /home/chris/workspace/sp22-e520-lab-assignment7-ychen0223/part4/software/led_app/_ide/bitstream/design_1_wrapper.bit
targets -set -nocase -filter {name =~"APU*"}
loadhw -hw /home/chris/workspace/sp22-e520-lab-assignment7-ychen0223/part4/software/design_1_wrapper/export/design_1_wrapper/hw/design_1_wrapper.xsa -mem-ranges [list {0x40000000 0xbfffffff}] -regs
configparams force-mem-access 1
targets -set -nocase -filter {name =~"APU*"}
source /home/chris/workspace/sp22-e520-lab-assignment7-ychen0223/part4/software/led_app/_ide/psinit/ps7_init.tcl
ps7_init
ps7_post_config
targets -set -nocase -filter {name =~ "*A9*#0"}
dow /home/chris/workspace/sp22-e520-lab-assignment7-ychen0223/part4/software/led_app/Debug/led_app.elf
configparams force-mem-access 0
----------------End of Script----------------

22:34:06 INFO  : Context for processor 'ps7_cortexa9_0' is selected.
22:34:06 INFO  : 'con' command is executed.
22:34:06 INFO  : ----------------XSDB Script (After Launch)----------------
targets -set -nocase -filter {name =~ "*A9*#0"}
con
----------------End of Script----------------

22:34:06 INFO  : Launch script is exported to file '/home/chris/workspace/sp22-e520-lab-assignment7-ychen0223/part4/software/led_app_system/_ide/scripts/systemdebugger_led_app_system_standalone.tcl'
22:35:10 INFO  : Disconnected from the channel tcfchan#9.
