
*** Running vivado
    with args -log UART_LED_Subsystem_util_ds_buf_0_0.vds -m64 -product Vivado -mode batch -messageDb vivado.pb -notrace -source UART_LED_Subsystem_util_ds_buf_0_0.tcl


****** Vivado v2021.2 (64-bit)
  **** SW Build 3367213 on Tue Oct 19 02:47:39 MDT 2021
  **** IP Build 3369179 on Thu Oct 21 08:25:16 MDT 2021
    ** Copyright 1986-2021 Xilinx, Inc. All Rights Reserved.

source UART_LED_Subsystem_util_ds_buf_0_0.tcl -notrace
INFO: [IP_Flow 19-234] Refreshing IP repositories
INFO: [IP_Flow 19-1700] Loaded user IP repository '/home/chris/workspace/sp22-e520-lab-assignment7-ychen0223/part1/IP_Integrator/lab/KCU105/vhdl'.
INFO: [IP_Flow 19-2313] Loaded Vivado IP repository '/home/chris/Vivado/2021.2/data/ip'.
Command: synth_design -top UART_LED_Subsystem_util_ds_buf_0_0 -part xcku040-ffva1156-2-e -mode out_of_context
Starting synth_design
Attempting to get a license for feature 'Synthesis' and/or device 'xcku040'
INFO: [Common 17-349] Got license for feature 'Synthesis' and/or device 'xcku040'
INFO: [Device 21-403] Loading part xcku040-ffva1156-2-e
INFO: [Synth 8-7079] Multithreading enabled for synth_design using a maximum of 4 processes.
INFO: [Synth 8-7078] Launching helper process for spawning children vivado processes
INFO: [Synth 8-7075] Helper process launched with PID 18969
---------------------------------------------------------------------------------
Starting RTL Elaboration : Time (s): cpu = 00:00:04 ; elapsed = 00:00:04 . Memory (MB): peak = 2787.949 ; gain = 32.875 ; free physical = 1004 ; free virtual = 4537
---------------------------------------------------------------------------------
INFO: [Synth 8-638] synthesizing module 'UART_LED_Subsystem_util_ds_buf_0_0' [/home/chris/workspace/sp22-e520-lab-assignment7-ychen0223/part1/UART_LED_Subsystem.gen/sources_1/bd/UART_LED_Subsystem/ip/UART_LED_Subsystem_util_ds_buf_0_0/synth/UART_LED_Subsystem_util_ds_buf_0_0.vhd:64]
	Parameter C_BUF_TYPE bound to: IBUFDS - type: string 
	Parameter C_SIZE bound to: 1 - type: integer 
	Parameter C_BUFGCE_DIV bound to: 1 - type: integer 
	Parameter C_BUFG_GT_SYNC bound to: 0 - type: integer 
	Parameter C_SIM_DEVICE bound to: VERSAL_AI_CORE_ES1 - type: string 
	Parameter C_OBUFDS_GTE5_ADV bound to: 2'b00 
	Parameter C_REFCLK_ICNTL_TX bound to: 5'b00000 
INFO: [Synth 8-3491] module 'util_ds_buf' declared at '/home/chris/workspace/sp22-e520-lab-assignment7-ychen0223/part1/UART_LED_Subsystem.gen/sources_1/bd/UART_LED_Subsystem/ip/UART_LED_Subsystem_util_ds_buf_0_0/util_ds_buf.vhd:72' bound to instance 'U0' of component 'util_ds_buf' [/home/chris/workspace/sp22-e520-lab-assignment7-ychen0223/part1/UART_LED_Subsystem.gen/sources_1/bd/UART_LED_Subsystem/ip/UART_LED_Subsystem_util_ds_buf_0_0/synth/UART_LED_Subsystem_util_ds_buf_0_0.vhd:201]
INFO: [Synth 8-638] synthesizing module 'util_ds_buf' [/home/chris/workspace/sp22-e520-lab-assignment7-ychen0223/part1/UART_LED_Subsystem.gen/sources_1/bd/UART_LED_Subsystem/ip/UART_LED_Subsystem_util_ds_buf_0_0/util_ds_buf.vhd:251]
INFO: [Synth 8-113] binding component instance 'IBUFDS_I' to cell 'IBUFDS' [/home/chris/workspace/sp22-e520-lab-assignment7-ychen0223/part1/UART_LED_Subsystem.gen/sources_1/bd/UART_LED_Subsystem/ip/UART_LED_Subsystem_util_ds_buf_0_0/util_ds_buf.vhd:376]
WARNING: [Synth 8-3848] Net BUFG_O in module/entity util_ds_buf does not have driver. [/home/chris/workspace/sp22-e520-lab-assignment7-ychen0223/part1/UART_LED_Subsystem.gen/sources_1/bd/UART_LED_Subsystem/ip/UART_LED_Subsystem_util_ds_buf_0_0/util_ds_buf.vhd:109]
WARNING: [Synth 8-3848] Net BUFGCE_O in module/entity util_ds_buf does not have driver. [/home/chris/workspace/sp22-e520-lab-assignment7-ychen0223/part1/UART_LED_Subsystem.gen/sources_1/bd/UART_LED_Subsystem/ip/UART_LED_Subsystem_util_ds_buf_0_0/util_ds_buf.vhd:114]
WARNING: [Synth 8-3848] Net BUFH_O in module/entity util_ds_buf does not have driver. [/home/chris/workspace/sp22-e520-lab-assignment7-ychen0223/part1/UART_LED_Subsystem.gen/sources_1/bd/UART_LED_Subsystem/ip/UART_LED_Subsystem_util_ds_buf_0_0/util_ds_buf.vhd:119]
WARNING: [Synth 8-3848] Net BUFHCE_O in module/entity util_ds_buf does not have driver. [/home/chris/workspace/sp22-e520-lab-assignment7-ychen0223/part1/UART_LED_Subsystem.gen/sources_1/bd/UART_LED_Subsystem/ip/UART_LED_Subsystem_util_ds_buf_0_0/util_ds_buf.vhd:124]
WARNING: [Synth 8-3848] Net BUFG_FABRIC_O in module/entity util_ds_buf does not have driver. [/home/chris/workspace/sp22-e520-lab-assignment7-ychen0223/part1/UART_LED_Subsystem.gen/sources_1/bd/UART_LED_Subsystem/ip/UART_LED_Subsystem_util_ds_buf_0_0/util_ds_buf.vhd:128]
WARNING: [Synth 8-3848] Net OBUFDS_GTE5_O in module/entity util_ds_buf does not have driver. [/home/chris/workspace/sp22-e520-lab-assignment7-ychen0223/part1/UART_LED_Subsystem.gen/sources_1/bd/UART_LED_Subsystem/ip/UART_LED_Subsystem_util_ds_buf_0_0/util_ds_buf.vhd:133]
WARNING: [Synth 8-3848] Net OBUFDS_GTE5_OB in module/entity util_ds_buf does not have driver. [/home/chris/workspace/sp22-e520-lab-assignment7-ychen0223/part1/UART_LED_Subsystem.gen/sources_1/bd/UART_LED_Subsystem/ip/UART_LED_Subsystem_util_ds_buf_0_0/util_ds_buf.vhd:134]
WARNING: [Synth 8-3848] Net OBUFDS_GTE5_ADV_O in module/entity util_ds_buf does not have driver. [/home/chris/workspace/sp22-e520-lab-assignment7-ychen0223/part1/UART_LED_Subsystem.gen/sources_1/bd/UART_LED_Subsystem/ip/UART_LED_Subsystem_util_ds_buf_0_0/util_ds_buf.vhd:139]
WARNING: [Synth 8-3848] Net OBUFDS_GTE5_ADV_OB in module/entity util_ds_buf does not have driver. [/home/chris/workspace/sp22-e520-lab-assignment7-ychen0223/part1/UART_LED_Subsystem.gen/sources_1/bd/UART_LED_Subsystem/ip/UART_LED_Subsystem_util_ds_buf_0_0/util_ds_buf.vhd:140]
WARNING: [Synth 8-3848] Net OBUFDS_GTE3_O in module/entity util_ds_buf does not have driver. [/home/chris/workspace/sp22-e520-lab-assignment7-ychen0223/part1/UART_LED_Subsystem.gen/sources_1/bd/UART_LED_Subsystem/ip/UART_LED_Subsystem_util_ds_buf_0_0/util_ds_buf.vhd:146]
WARNING: [Synth 8-3848] Net OBUFDS_GTE3_OB in module/entity util_ds_buf does not have driver. [/home/chris/workspace/sp22-e520-lab-assignment7-ychen0223/part1/UART_LED_Subsystem.gen/sources_1/bd/UART_LED_Subsystem/ip/UART_LED_Subsystem_util_ds_buf_0_0/util_ds_buf.vhd:147]
WARNING: [Synth 8-3848] Net OBUFDS_GTE3_ADV_O in module/entity util_ds_buf does not have driver. [/home/chris/workspace/sp22-e520-lab-assignment7-ychen0223/part1/UART_LED_Subsystem.gen/sources_1/bd/UART_LED_Subsystem/ip/UART_LED_Subsystem_util_ds_buf_0_0/util_ds_buf.vhd:152]
WARNING: [Synth 8-3848] Net OBUFDS_GTE3_ADV_OB in module/entity util_ds_buf does not have driver. [/home/chris/workspace/sp22-e520-lab-assignment7-ychen0223/part1/UART_LED_Subsystem.gen/sources_1/bd/UART_LED_Subsystem/ip/UART_LED_Subsystem_util_ds_buf_0_0/util_ds_buf.vhd:153]
WARNING: [Synth 8-3848] Net OBUFDS_GTE4_O in module/entity util_ds_buf does not have driver. [/home/chris/workspace/sp22-e520-lab-assignment7-ychen0223/part1/UART_LED_Subsystem.gen/sources_1/bd/UART_LED_Subsystem/ip/UART_LED_Subsystem_util_ds_buf_0_0/util_ds_buf.vhd:159]
WARNING: [Synth 8-3848] Net OBUFDS_GTE4_OB in module/entity util_ds_buf does not have driver. [/home/chris/workspace/sp22-e520-lab-assignment7-ychen0223/part1/UART_LED_Subsystem.gen/sources_1/bd/UART_LED_Subsystem/ip/UART_LED_Subsystem_util_ds_buf_0_0/util_ds_buf.vhd:160]
WARNING: [Synth 8-3848] Net OBUFDS_GTE4_ADV_O in module/entity util_ds_buf does not have driver. [/home/chris/workspace/sp22-e520-lab-assignment7-ychen0223/part1/UART_LED_Subsystem.gen/sources_1/bd/UART_LED_Subsystem/ip/UART_LED_Subsystem_util_ds_buf_0_0/util_ds_buf.vhd:165]
WARNING: [Synth 8-3848] Net OBUFDS_GTE4_ADV_OB in module/entity util_ds_buf does not have driver. [/home/chris/workspace/sp22-e520-lab-assignment7-ychen0223/part1/UART_LED_Subsystem.gen/sources_1/bd/UART_LED_Subsystem/ip/UART_LED_Subsystem_util_ds_buf_0_0/util_ds_buf.vhd:166]
WARNING: [Synth 8-3848] Net IBUFDS_GTM_O in module/entity util_ds_buf does not have driver. [/home/chris/workspace/sp22-e520-lab-assignment7-ychen0223/part1/UART_LED_Subsystem.gen/sources_1/bd/UART_LED_Subsystem/ip/UART_LED_Subsystem_util_ds_buf_0_0/util_ds_buf.vhd:170]
WARNING: [Synth 8-3848] Net IBUFDS_GTM_ODIV2 in module/entity util_ds_buf does not have driver. [/home/chris/workspace/sp22-e520-lab-assignment7-ychen0223/part1/UART_LED_Subsystem.gen/sources_1/bd/UART_LED_Subsystem/ip/UART_LED_Subsystem_util_ds_buf_0_0/util_ds_buf.vhd:171]
WARNING: [Synth 8-3848] Net OBUFDS_GTM_O in module/entity util_ds_buf does not have driver. [/home/chris/workspace/sp22-e520-lab-assignment7-ychen0223/part1/UART_LED_Subsystem.gen/sources_1/bd/UART_LED_Subsystem/ip/UART_LED_Subsystem_util_ds_buf_0_0/util_ds_buf.vhd:177]
WARNING: [Synth 8-3848] Net OBUFDS_GTM_OB in module/entity util_ds_buf does not have driver. [/home/chris/workspace/sp22-e520-lab-assignment7-ychen0223/part1/UART_LED_Subsystem.gen/sources_1/bd/UART_LED_Subsystem/ip/UART_LED_Subsystem_util_ds_buf_0_0/util_ds_buf.vhd:178]
WARNING: [Synth 8-3848] Net OBUFDS_GTM_ADV_O in module/entity util_ds_buf does not have driver. [/home/chris/workspace/sp22-e520-lab-assignment7-ychen0223/part1/UART_LED_Subsystem.gen/sources_1/bd/UART_LED_Subsystem/ip/UART_LED_Subsystem_util_ds_buf_0_0/util_ds_buf.vhd:185]
WARNING: [Synth 8-3848] Net OBUFDS_GTM_ADV_OB in module/entity util_ds_buf does not have driver. [/home/chris/workspace/sp22-e520-lab-assignment7-ychen0223/part1/UART_LED_Subsystem.gen/sources_1/bd/UART_LED_Subsystem/ip/UART_LED_Subsystem_util_ds_buf_0_0/util_ds_buf.vhd:186]
WARNING: [Synth 8-3848] Net IBUFDS_GTME5_O in module/entity util_ds_buf does not have driver. [/home/chris/workspace/sp22-e520-lab-assignment7-ychen0223/part1/UART_LED_Subsystem.gen/sources_1/bd/UART_LED_Subsystem/ip/UART_LED_Subsystem_util_ds_buf_0_0/util_ds_buf.vhd:189]
WARNING: [Synth 8-3848] Net IBUFDS_GTME5_ODIV2 in module/entity util_ds_buf does not have driver. [/home/chris/workspace/sp22-e520-lab-assignment7-ychen0223/part1/UART_LED_Subsystem.gen/sources_1/bd/UART_LED_Subsystem/ip/UART_LED_Subsystem_util_ds_buf_0_0/util_ds_buf.vhd:190]
WARNING: [Synth 8-3848] Net OBUFDS_GTME5_O in module/entity util_ds_buf does not have driver. [/home/chris/workspace/sp22-e520-lab-assignment7-ychen0223/part1/UART_LED_Subsystem.gen/sources_1/bd/UART_LED_Subsystem/ip/UART_LED_Subsystem_util_ds_buf_0_0/util_ds_buf.vhd:198]
WARNING: [Synth 8-3848] Net OBUFDS_GTME5_OB in module/entity util_ds_buf does not have driver. [/home/chris/workspace/sp22-e520-lab-assignment7-ychen0223/part1/UART_LED_Subsystem.gen/sources_1/bd/UART_LED_Subsystem/ip/UART_LED_Subsystem_util_ds_buf_0_0/util_ds_buf.vhd:199]
WARNING: [Synth 8-3848] Net OBUFDS_GTME5_ADV_O in module/entity util_ds_buf does not have driver. [/home/chris/workspace/sp22-e520-lab-assignment7-ychen0223/part1/UART_LED_Subsystem.gen/sources_1/bd/UART_LED_Subsystem/ip/UART_LED_Subsystem_util_ds_buf_0_0/util_ds_buf.vhd:205]
WARNING: [Synth 8-3848] Net OBUFDS_GTME5_ADV_OB in module/entity util_ds_buf does not have driver. [/home/chris/workspace/sp22-e520-lab-assignment7-ychen0223/part1/UART_LED_Subsystem.gen/sources_1/bd/UART_LED_Subsystem/ip/UART_LED_Subsystem_util_ds_buf_0_0/util_ds_buf.vhd:206]
WARNING: [Synth 8-3848] Net BUFG_GT_O in module/entity util_ds_buf does not have driver. [/home/chris/workspace/sp22-e520-lab-assignment7-ychen0223/part1/UART_LED_Subsystem.gen/sources_1/bd/UART_LED_Subsystem/ip/UART_LED_Subsystem_util_ds_buf_0_0/util_ds_buf.vhd:216]
WARNING: [Synth 8-3848] Net BUFG_PS_O in module/entity util_ds_buf does not have driver. [/home/chris/workspace/sp22-e520-lab-assignment7-ychen0223/part1/UART_LED_Subsystem.gen/sources_1/bd/UART_LED_Subsystem/ip/UART_LED_Subsystem_util_ds_buf_0_0/util_ds_buf.vhd:220]
WARNING: [Synth 8-3848] Net MBUFG_GT_O1 in module/entity util_ds_buf does not have driver. [/home/chris/workspace/sp22-e520-lab-assignment7-ychen0223/part1/UART_LED_Subsystem.gen/sources_1/bd/UART_LED_Subsystem/ip/UART_LED_Subsystem_util_ds_buf_0_0/util_ds_buf.vhd:232]
WARNING: [Synth 8-3848] Net MBUFG_GT_O2 in module/entity util_ds_buf does not have driver. [/home/chris/workspace/sp22-e520-lab-assignment7-ychen0223/part1/UART_LED_Subsystem.gen/sources_1/bd/UART_LED_Subsystem/ip/UART_LED_Subsystem_util_ds_buf_0_0/util_ds_buf.vhd:233]
WARNING: [Synth 8-3848] Net MBUFG_GT_O3 in module/entity util_ds_buf does not have driver. [/home/chris/workspace/sp22-e520-lab-assignment7-ychen0223/part1/UART_LED_Subsystem.gen/sources_1/bd/UART_LED_Subsystem/ip/UART_LED_Subsystem_util_ds_buf_0_0/util_ds_buf.vhd:234]
WARNING: [Synth 8-3848] Net MBUFG_GT_O4 in module/entity util_ds_buf does not have driver. [/home/chris/workspace/sp22-e520-lab-assignment7-ychen0223/part1/UART_LED_Subsystem.gen/sources_1/bd/UART_LED_Subsystem/ip/UART_LED_Subsystem_util_ds_buf_0_0/util_ds_buf.vhd:235]
WARNING: [Synth 8-3848] Net MBUFG_PS_O1 in module/entity util_ds_buf does not have driver. [/home/chris/workspace/sp22-e520-lab-assignment7-ychen0223/part1/UART_LED_Subsystem.gen/sources_1/bd/UART_LED_Subsystem/ip/UART_LED_Subsystem_util_ds_buf_0_0/util_ds_buf.vhd:240]
WARNING: [Synth 8-3848] Net MBUFG_PS_O2 in module/entity util_ds_buf does not have driver. [/home/chris/workspace/sp22-e520-lab-assignment7-ychen0223/part1/UART_LED_Subsystem.gen/sources_1/bd/UART_LED_Subsystem/ip/UART_LED_Subsystem_util_ds_buf_0_0/util_ds_buf.vhd:241]
WARNING: [Synth 8-3848] Net MBUFG_PS_O3 in module/entity util_ds_buf does not have driver. [/home/chris/workspace/sp22-e520-lab-assignment7-ychen0223/part1/UART_LED_Subsystem.gen/sources_1/bd/UART_LED_Subsystem/ip/UART_LED_Subsystem_util_ds_buf_0_0/util_ds_buf.vhd:242]
WARNING: [Synth 8-3848] Net MBUFG_PS_O4 in module/entity util_ds_buf does not have driver. [/home/chris/workspace/sp22-e520-lab-assignment7-ychen0223/part1/UART_LED_Subsystem.gen/sources_1/bd/UART_LED_Subsystem/ip/UART_LED_Subsystem_util_ds_buf_0_0/util_ds_buf.vhd:243]
INFO: [Synth 8-256] done synthesizing module 'util_ds_buf' (1#1) [/home/chris/workspace/sp22-e520-lab-assignment7-ychen0223/part1/UART_LED_Subsystem.gen/sources_1/bd/UART_LED_Subsystem/ip/UART_LED_Subsystem_util_ds_buf_0_0/util_ds_buf.vhd:251]
INFO: [Synth 8-256] done synthesizing module 'UART_LED_Subsystem_util_ds_buf_0_0' (2#1) [/home/chris/workspace/sp22-e520-lab-assignment7-ychen0223/part1/UART_LED_Subsystem.gen/sources_1/bd/UART_LED_Subsystem/ip/UART_LED_Subsystem_util_ds_buf_0_0/synth/UART_LED_Subsystem_util_ds_buf_0_0.vhd:64]
WARNING: [Synth 8-7129] Port BUFG_O[0] in module util_ds_buf is either unconnected or has no load
WARNING: [Synth 8-7129] Port BUFGCE_O[0] in module util_ds_buf is either unconnected or has no load
WARNING: [Synth 8-7129] Port BUFH_O[0] in module util_ds_buf is either unconnected or has no load
WARNING: [Synth 8-7129] Port BUFHCE_O[0] in module util_ds_buf is either unconnected or has no load
WARNING: [Synth 8-7129] Port BUFG_FABRIC_O[0] in module util_ds_buf is either unconnected or has no load
WARNING: [Synth 8-7129] Port OBUFDS_GTE5_O[0] in module util_ds_buf is either unconnected or has no load
WARNING: [Synth 8-7129] Port OBUFDS_GTE5_OB[0] in module util_ds_buf is either unconnected or has no load
WARNING: [Synth 8-7129] Port OBUFDS_GTE5_ADV_O[0] in module util_ds_buf is either unconnected or has no load
WARNING: [Synth 8-7129] Port OBUFDS_GTE5_ADV_OB[0] in module util_ds_buf is either unconnected or has no load
WARNING: [Synth 8-7129] Port OBUFDS_GTE3_O[0] in module util_ds_buf is either unconnected or has no load
WARNING: [Synth 8-7129] Port OBUFDS_GTE3_OB[0] in module util_ds_buf is either unconnected or has no load
WARNING: [Synth 8-7129] Port OBUFDS_GTE3_ADV_O[0] in module util_ds_buf is either unconnected or has no load
WARNING: [Synth 8-7129] Port OBUFDS_GTE3_ADV_OB[0] in module util_ds_buf is either unconnected or has no load
WARNING: [Synth 8-7129] Port OBUFDS_GTE4_O[0] in module util_ds_buf is either unconnected or has no load
WARNING: [Synth 8-7129] Port OBUFDS_GTE4_OB[0] in module util_ds_buf is either unconnected or has no load
WARNING: [Synth 8-7129] Port OBUFDS_GTE4_ADV_O[0] in module util_ds_buf is either unconnected or has no load
WARNING: [Synth 8-7129] Port OBUFDS_GTE4_ADV_OB[0] in module util_ds_buf is either unconnected or has no load
WARNING: [Synth 8-7129] Port IBUFDS_GTM_O[0] in module util_ds_buf is either unconnected or has no load
WARNING: [Synth 8-7129] Port IBUFDS_GTM_ODIV2[0] in module util_ds_buf is either unconnected or has no load
WARNING: [Synth 8-7129] Port OBUFDS_GTM_O[0] in module util_ds_buf is either unconnected or has no load
WARNING: [Synth 8-7129] Port OBUFDS_GTM_OB[0] in module util_ds_buf is either unconnected or has no load
WARNING: [Synth 8-7129] Port OBUFDS_GTM_ADV_O[0] in module util_ds_buf is either unconnected or has no load
WARNING: [Synth 8-7129] Port OBUFDS_GTM_ADV_OB[0] in module util_ds_buf is either unconnected or has no load
WARNING: [Synth 8-7129] Port IBUFDS_GTME5_O[0] in module util_ds_buf is either unconnected or has no load
WARNING: [Synth 8-7129] Port IBUFDS_GTME5_ODIV2[0] in module util_ds_buf is either unconnected or has no load
WARNING: [Synth 8-7129] Port OBUFDS_GTME5_O[0] in module util_ds_buf is either unconnected or has no load
WARNING: [Synth 8-7129] Port OBUFDS_GTME5_OB[0] in module util_ds_buf is either unconnected or has no load
WARNING: [Synth 8-7129] Port OBUFDS_GTME5_ADV_O[0] in module util_ds_buf is either unconnected or has no load
WARNING: [Synth 8-7129] Port OBUFDS_GTME5_ADV_OB[0] in module util_ds_buf is either unconnected or has no load
WARNING: [Synth 8-7129] Port BUFG_GT_O[0] in module util_ds_buf is either unconnected or has no load
WARNING: [Synth 8-7129] Port BUFG_PS_O[0] in module util_ds_buf is either unconnected or has no load
WARNING: [Synth 8-7129] Port MBUFG_GT_O1[0] in module util_ds_buf is either unconnected or has no load
WARNING: [Synth 8-7129] Port MBUFG_GT_O2[0] in module util_ds_buf is either unconnected or has no load
WARNING: [Synth 8-7129] Port MBUFG_GT_O3[0] in module util_ds_buf is either unconnected or has no load
WARNING: [Synth 8-7129] Port MBUFG_GT_O4[0] in module util_ds_buf is either unconnected or has no load
WARNING: [Synth 8-7129] Port MBUFG_PS_O1[0] in module util_ds_buf is either unconnected or has no load
WARNING: [Synth 8-7129] Port MBUFG_PS_O2[0] in module util_ds_buf is either unconnected or has no load
WARNING: [Synth 8-7129] Port MBUFG_PS_O3[0] in module util_ds_buf is either unconnected or has no load
WARNING: [Synth 8-7129] Port MBUFG_PS_O4[0] in module util_ds_buf is either unconnected or has no load
WARNING: [Synth 8-7129] Port IOBUF_IO_IO[0] in module util_ds_buf is either unconnected or has no load
WARNING: [Synth 8-7129] Port IBUF_DS_CEB[0] in module util_ds_buf is either unconnected or has no load
WARNING: [Synth 8-7129] Port OBUF_IN[0] in module util_ds_buf is either unconnected or has no load
WARNING: [Synth 8-7129] Port IOBUF_IO_T[0] in module util_ds_buf is either unconnected or has no load
WARNING: [Synth 8-7129] Port IOBUF_IO_I[0] in module util_ds_buf is either unconnected or has no load
WARNING: [Synth 8-7129] Port BUFG_I[0] in module util_ds_buf is either unconnected or has no load
WARNING: [Synth 8-7129] Port BUFGCE_I[0] in module util_ds_buf is either unconnected or has no load
WARNING: [Synth 8-7129] Port BUFGCE_CE[0] in module util_ds_buf is either unconnected or has no load
WARNING: [Synth 8-7129] Port BUFGCE_CLR[0] in module util_ds_buf is either unconnected or has no load
WARNING: [Synth 8-7129] Port BUFH_I[0] in module util_ds_buf is either unconnected or has no load
WARNING: [Synth 8-7129] Port BUFHCE_I[0] in module util_ds_buf is either unconnected or has no load
WARNING: [Synth 8-7129] Port BUFHCE_CE[0] in module util_ds_buf is either unconnected or has no load
WARNING: [Synth 8-7129] Port BUFG_FABRIC_I[0] in module util_ds_buf is either unconnected or has no load
WARNING: [Synth 8-7129] Port OBUFDS_GTE5_CEB[0] in module util_ds_buf is either unconnected or has no load
WARNING: [Synth 8-7129] Port OBUFDS_GTE5_I[0] in module util_ds_buf is either unconnected or has no load
WARNING: [Synth 8-7129] Port OBUFDS_GTE5_ADV_CEB[0] in module util_ds_buf is either unconnected or has no load
WARNING: [Synth 8-7129] Port OBUFDS_GTE5_ADV_I[3] in module util_ds_buf is either unconnected or has no load
WARNING: [Synth 8-7129] Port OBUFDS_GTE5_ADV_I[2] in module util_ds_buf is either unconnected or has no load
WARNING: [Synth 8-7129] Port OBUFDS_GTE5_ADV_I[1] in module util_ds_buf is either unconnected or has no load
WARNING: [Synth 8-7129] Port OBUFDS_GTE5_ADV_I[0] in module util_ds_buf is either unconnected or has no load
WARNING: [Synth 8-7129] Port OBUFDS_GTE5_ADV_RXRECCLKSEL[1] in module util_ds_buf is either unconnected or has no load
WARNING: [Synth 8-7129] Port OBUFDS_GTE5_ADV_RXRECCLKSEL[0] in module util_ds_buf is either unconnected or has no load
WARNING: [Synth 8-7129] Port OBUFDS_GTE3_CEB[0] in module util_ds_buf is either unconnected or has no load
WARNING: [Synth 8-7129] Port OBUFDS_GTE3_I[0] in module util_ds_buf is either unconnected or has no load
WARNING: [Synth 8-7129] Port OBUFDS_GTE3_ADV_CEB[0] in module util_ds_buf is either unconnected or has no load
WARNING: [Synth 8-7129] Port OBUFDS_GTE3_ADV_I[3] in module util_ds_buf is either unconnected or has no load
WARNING: [Synth 8-7129] Port OBUFDS_GTE3_ADV_I[2] in module util_ds_buf is either unconnected or has no load
WARNING: [Synth 8-7129] Port OBUFDS_GTE3_ADV_I[1] in module util_ds_buf is either unconnected or has no load
WARNING: [Synth 8-7129] Port OBUFDS_GTE3_ADV_I[0] in module util_ds_buf is either unconnected or has no load
WARNING: [Synth 8-7129] Port RXRECCLK_SEL_GTE3_ADV[1] in module util_ds_buf is either unconnected or has no load
WARNING: [Synth 8-7129] Port RXRECCLK_SEL_GTE3_ADV[0] in module util_ds_buf is either unconnected or has no load
WARNING: [Synth 8-7129] Port OBUFDS_GTE4_CEB[0] in module util_ds_buf is either unconnected or has no load
WARNING: [Synth 8-7129] Port OBUFDS_GTE4_I[0] in module util_ds_buf is either unconnected or has no load
WARNING: [Synth 8-7129] Port OBUFDS_GTE4_ADV_CEB[0] in module util_ds_buf is either unconnected or has no load
WARNING: [Synth 8-7129] Port OBUFDS_GTE4_ADV_I[3] in module util_ds_buf is either unconnected or has no load
WARNING: [Synth 8-7129] Port OBUFDS_GTE4_ADV_I[2] in module util_ds_buf is either unconnected or has no load
WARNING: [Synth 8-7129] Port OBUFDS_GTE4_ADV_I[1] in module util_ds_buf is either unconnected or has no load
WARNING: [Synth 8-7129] Port OBUFDS_GTE4_ADV_I[0] in module util_ds_buf is either unconnected or has no load
WARNING: [Synth 8-7129] Port RXRECCLK_SEL_GTE4_ADV[1] in module util_ds_buf is either unconnected or has no load
WARNING: [Synth 8-7129] Port RXRECCLK_SEL_GTE4_ADV[0] in module util_ds_buf is either unconnected or has no load
WARNING: [Synth 8-7129] Port IBUFDS_GTM_CEB[0] in module util_ds_buf is either unconnected or has no load
WARNING: [Synth 8-7129] Port IBUFDS_GTM_I[0] in module util_ds_buf is either unconnected or has no load
WARNING: [Synth 8-7129] Port IBUFDS_GTM_IB[0] in module util_ds_buf is either unconnected or has no load
WARNING: [Synth 8-7129] Port OBUFDS_GTM_CEB[0] in module util_ds_buf is either unconnected or has no load
WARNING: [Synth 8-7129] Port OBUFDS_GTM_I[0] in module util_ds_buf is either unconnected or has no load
WARNING: [Synth 8-7129] Port OBUFDS_GTM_ADV_CEB[0] in module util_ds_buf is either unconnected or has no load
WARNING: [Synth 8-7129] Port OBUFDS_GTM_ADV_I[3] in module util_ds_buf is either unconnected or has no load
WARNING: [Synth 8-7129] Port OBUFDS_GTM_ADV_I[2] in module util_ds_buf is either unconnected or has no load
WARNING: [Synth 8-7129] Port OBUFDS_GTM_ADV_I[1] in module util_ds_buf is either unconnected or has no load
WARNING: [Synth 8-7129] Port OBUFDS_GTM_ADV_I[0] in module util_ds_buf is either unconnected or has no load
WARNING: [Synth 8-7129] Port IBUFDS_GTME5_CEB[0] in module util_ds_buf is either unconnected or has no load
WARNING: [Synth 8-7129] Port IBUFDS_GTME5_I[0] in module util_ds_buf is either unconnected or has no load
WARNING: [Synth 8-7129] Port IBUFDS_GTME5_IB[0] in module util_ds_buf is either unconnected or has no load
WARNING: [Synth 8-7129] Port OBUFDS_GTME5_CEB[0] in module util_ds_buf is either unconnected or has no load
WARNING: [Synth 8-7129] Port OBUFDS_GTME5_I[0] in module util_ds_buf is either unconnected or has no load
WARNING: [Synth 8-7129] Port OBUFDS_GTME5_ADV_CEB[0] in module util_ds_buf is either unconnected or has no load
WARNING: [Synth 8-7129] Port OBUFDS_GTME5_ADV_I[3] in module util_ds_buf is either unconnected or has no load
WARNING: [Synth 8-7129] Port OBUFDS_GTME5_ADV_I[2] in module util_ds_buf is either unconnected or has no load
WARNING: [Synth 8-7129] Port OBUFDS_GTME5_ADV_I[1] in module util_ds_buf is either unconnected or has no load
WARNING: [Synth 8-7129] Port OBUFDS_GTME5_ADV_I[0] in module util_ds_buf is either unconnected or has no load
WARNING: [Synth 8-7129] Port OBUFDS_GTME5_ADV_RXRECCLKSEL[1] in module util_ds_buf is either unconnected or has no load
INFO: [Common 17-14] Message 'Synth 8-7129' appears 100 times and further instances of the messages will be disabled. Use the Tcl command set_msg_config to change the current settings.
---------------------------------------------------------------------------------
Finished RTL Elaboration : Time (s): cpu = 00:00:05 ; elapsed = 00:00:05 . Memory (MB): peak = 2834.887 ; gain = 79.812 ; free physical = 326 ; free virtual = 3917
---------------------------------------------------------------------------------
---------------------------------------------------------------------------------
Start Handling Custom Attributes
---------------------------------------------------------------------------------
---------------------------------------------------------------------------------
Finished Handling Custom Attributes : Time (s): cpu = 00:00:05 ; elapsed = 00:00:06 . Memory (MB): peak = 2852.699 ; gain = 97.625 ; free physical = 155 ; free virtual = 3564
---------------------------------------------------------------------------------
---------------------------------------------------------------------------------
Finished RTL Optimization Phase 1 : Time (s): cpu = 00:00:05 ; elapsed = 00:00:06 . Memory (MB): peak = 2852.699 ; gain = 97.625 ; free physical = 155 ; free virtual = 3564
---------------------------------------------------------------------------------
Netlist sorting complete. Time (s): cpu = 00:00:00 ; elapsed = 00:00:00 . Memory (MB): peak = 2858.637 ; gain = 0.000 ; free physical = 147 ; free virtual = 3557
INFO: [Netlist 29-17] Analyzing 1 Unisim elements for replacement
INFO: [Netlist 29-28] Unisim Transformation completed in 0 CPU seconds
INFO: [Project 1-570] Preparing netlist for logic optimization

Processing XDC Constraints
Initializing timing engine
Parsing XDC File [/home/chris/workspace/sp22-e520-lab-assignment7-ychen0223/part1/UART_LED_Subsystem.gen/sources_1/bd/UART_LED_Subsystem/ip/UART_LED_Subsystem_util_ds_buf_0_0/UART_LED_Subsystem_util_ds_buf_0_0_ooc.xdc] for cell 'U0'
Finished Parsing XDC File [/home/chris/workspace/sp22-e520-lab-assignment7-ychen0223/part1/UART_LED_Subsystem.gen/sources_1/bd/UART_LED_Subsystem/ip/UART_LED_Subsystem_util_ds_buf_0_0/UART_LED_Subsystem_util_ds_buf_0_0_ooc.xdc] for cell 'U0'
Parsing XDC File [/home/chris/workspace/sp22-e520-lab-assignment7-ychen0223/part1/UART_LED_Subsystem.gen/sources_1/bd/UART_LED_Subsystem/ip/UART_LED_Subsystem_util_ds_buf_0_0/UART_LED_Subsystem_util_ds_buf_0_0_board.xdc] for cell 'U0'
Finished Parsing XDC File [/home/chris/workspace/sp22-e520-lab-assignment7-ychen0223/part1/UART_LED_Subsystem.gen/sources_1/bd/UART_LED_Subsystem/ip/UART_LED_Subsystem_util_ds_buf_0_0/UART_LED_Subsystem_util_ds_buf_0_0_board.xdc] for cell 'U0'
Parsing XDC File [/home/chris/workspace/sp22-e520-lab-assignment7-ychen0223/part1/UART_LED_Subsystem.runs/UART_LED_Subsystem_util_ds_buf_0_0_synth_1/dont_touch.xdc]
Finished Parsing XDC File [/home/chris/workspace/sp22-e520-lab-assignment7-ychen0223/part1/UART_LED_Subsystem.runs/UART_LED_Subsystem_util_ds_buf_0_0_synth_1/dont_touch.xdc]
Completed Processing XDC Constraints

Netlist sorting complete. Time (s): cpu = 00:00:00 ; elapsed = 00:00:00 . Memory (MB): peak = 2946.449 ; gain = 0.000 ; free physical = 121 ; free virtual = 3471
INFO: [Project 1-111] Unisim Transformation Summary:
  A total of 1 instances were transformed.
  IBUFDS => IBUFDS (DIFFINBUF, IBUFCTRL): 1 instance 

Constraint Validation Runtime : Time (s): cpu = 00:00:00.01 ; elapsed = 00:00:00.02 . Memory (MB): peak = 2946.449 ; gain = 0.000 ; free physical = 125 ; free virtual = 3473
---------------------------------------------------------------------------------
Finished Constraint Validation : Time (s): cpu = 00:00:10 ; elapsed = 00:00:11 . Memory (MB): peak = 2946.449 ; gain = 191.375 ; free physical = 1414 ; free virtual = 4865
---------------------------------------------------------------------------------
---------------------------------------------------------------------------------
Start Loading Part and Timing Information
---------------------------------------------------------------------------------
Loading part: xcku040-ffva1156-2-e
INFO: [Synth 8-6742] Reading net delay rules and data
---------------------------------------------------------------------------------
Finished Loading Part and Timing Information : Time (s): cpu = 00:00:10 ; elapsed = 00:00:11 . Memory (MB): peak = 2946.449 ; gain = 191.375 ; free physical = 1415 ; free virtual = 4866
---------------------------------------------------------------------------------
---------------------------------------------------------------------------------
Start Applying 'set_property' XDC Constraints
---------------------------------------------------------------------------------
Applied set_property KEEP_HIERARCHY = SOFT for U0. (constraint file  /home/chris/workspace/sp22-e520-lab-assignment7-ychen0223/part1/UART_LED_Subsystem.runs/UART_LED_Subsystem_util_ds_buf_0_0_synth_1/dont_touch.xdc, line 9).
---------------------------------------------------------------------------------
Finished applying 'set_property' XDC Constraints : Time (s): cpu = 00:00:10 ; elapsed = 00:00:11 . Memory (MB): peak = 2946.449 ; gain = 191.375 ; free physical = 1410 ; free virtual = 4861
---------------------------------------------------------------------------------
---------------------------------------------------------------------------------
Finished RTL Optimization Phase 2 : Time (s): cpu = 00:00:10 ; elapsed = 00:00:11 . Memory (MB): peak = 2946.449 ; gain = 191.375 ; free physical = 1392 ; free virtual = 4850
---------------------------------------------------------------------------------
---------------------------------------------------------------------------------
Start RTL Component Statistics 
---------------------------------------------------------------------------------
Detailed RTL Component Info : 
---------------------------------------------------------------------------------
Finished RTL Component Statistics 
---------------------------------------------------------------------------------
---------------------------------------------------------------------------------
Start Part Resource Summary
---------------------------------------------------------------------------------
Part Resources:
DSPs: 1920 (col length:120)
BRAMs: 1200 (col length: RAMB18 120 RAMB36 60)
---------------------------------------------------------------------------------
Finished Part Resource Summary
---------------------------------------------------------------------------------
---------------------------------------------------------------------------------
Start Cross Boundary and Area Optimization
---------------------------------------------------------------------------------
WARNING: [Synth 8-7080] Parallel synthesis criteria is not met
---------------------------------------------------------------------------------
Finished Cross Boundary and Area Optimization : Time (s): cpu = 00:00:11 ; elapsed = 00:00:12 . Memory (MB): peak = 2946.449 ; gain = 191.375 ; free physical = 1405 ; free virtual = 4858
---------------------------------------------------------------------------------
---------------------------------------------------------------------------------
Start Applying XDC Timing Constraints
---------------------------------------------------------------------------------
---------------------------------------------------------------------------------
Finished Applying XDC Timing Constraints : Time (s): cpu = 00:00:14 ; elapsed = 00:00:16 . Memory (MB): peak = 2997.934 ; gain = 242.859 ; free physical = 6141 ; free virtual = 9686
---------------------------------------------------------------------------------
---------------------------------------------------------------------------------
Start Timing Optimization
---------------------------------------------------------------------------------
---------------------------------------------------------------------------------
Finished Timing Optimization : Time (s): cpu = 00:00:14 ; elapsed = 00:00:16 . Memory (MB): peak = 2997.934 ; gain = 242.859 ; free physical = 6141 ; free virtual = 9686
---------------------------------------------------------------------------------
---------------------------------------------------------------------------------
Start Technology Mapping
---------------------------------------------------------------------------------
---------------------------------------------------------------------------------
Finished Technology Mapping : Time (s): cpu = 00:00:14 ; elapsed = 00:00:16 . Memory (MB): peak = 3016.965 ; gain = 261.891 ; free physical = 6137 ; free virtual = 9682
---------------------------------------------------------------------------------
---------------------------------------------------------------------------------
Start IO Insertion
---------------------------------------------------------------------------------
---------------------------------------------------------------------------------
Start Flattening Before IO Insertion
---------------------------------------------------------------------------------
---------------------------------------------------------------------------------
Finished Flattening Before IO Insertion
---------------------------------------------------------------------------------
---------------------------------------------------------------------------------
Start Final Netlist Cleanup
---------------------------------------------------------------------------------
---------------------------------------------------------------------------------
Finished Final Netlist Cleanup
---------------------------------------------------------------------------------
---------------------------------------------------------------------------------
Finished IO Insertion : Time (s): cpu = 00:00:17 ; elapsed = 00:00:18 . Memory (MB): peak = 3022.902 ; gain = 267.828 ; free physical = 6068 ; free virtual = 9629
---------------------------------------------------------------------------------
---------------------------------------------------------------------------------
Start Renaming Generated Instances
---------------------------------------------------------------------------------
---------------------------------------------------------------------------------
Finished Renaming Generated Instances : Time (s): cpu = 00:00:17 ; elapsed = 00:00:18 . Memory (MB): peak = 3022.902 ; gain = 267.828 ; free physical = 6068 ; free virtual = 9629
---------------------------------------------------------------------------------
---------------------------------------------------------------------------------
Start Rebuilding User Hierarchy
---------------------------------------------------------------------------------
---------------------------------------------------------------------------------
Finished Rebuilding User Hierarchy : Time (s): cpu = 00:00:17 ; elapsed = 00:00:18 . Memory (MB): peak = 3022.902 ; gain = 267.828 ; free physical = 6068 ; free virtual = 9629
---------------------------------------------------------------------------------
---------------------------------------------------------------------------------
Start Renaming Generated Ports
---------------------------------------------------------------------------------
---------------------------------------------------------------------------------
Finished Renaming Generated Ports : Time (s): cpu = 00:00:17 ; elapsed = 00:00:18 . Memory (MB): peak = 3022.902 ; gain = 267.828 ; free physical = 6068 ; free virtual = 9629
---------------------------------------------------------------------------------
---------------------------------------------------------------------------------
Start Handling Custom Attributes
---------------------------------------------------------------------------------
---------------------------------------------------------------------------------
Finished Handling Custom Attributes : Time (s): cpu = 00:00:17 ; elapsed = 00:00:18 . Memory (MB): peak = 3022.902 ; gain = 267.828 ; free physical = 6068 ; free virtual = 9629
---------------------------------------------------------------------------------
---------------------------------------------------------------------------------
Start Renaming Generated Nets
---------------------------------------------------------------------------------
---------------------------------------------------------------------------------
Finished Renaming Generated Nets : Time (s): cpu = 00:00:17 ; elapsed = 00:00:18 . Memory (MB): peak = 3022.902 ; gain = 267.828 ; free physical = 6068 ; free virtual = 9629
---------------------------------------------------------------------------------
---------------------------------------------------------------------------------
Start Writing Synthesis Report
---------------------------------------------------------------------------------

Report BlackBoxes: 
+-+--------------+----------+
| |BlackBox name |Instances |
+-+--------------+----------+
+-+--------------+----------+

Report Cell Usage: 
+------+-------+------+
|      |Cell   |Count |
+------+-------+------+
|1     |IBUFDS |     1|
+------+-------+------+
---------------------------------------------------------------------------------
Finished Writing Synthesis Report : Time (s): cpu = 00:00:17 ; elapsed = 00:00:19 . Memory (MB): peak = 3022.902 ; gain = 267.828 ; free physical = 6068 ; free virtual = 9629
---------------------------------------------------------------------------------
Synthesis finished with 0 errors, 0 critical warnings and 122 warnings.
Synthesis Optimization Runtime : Time (s): cpu = 00:00:16 ; elapsed = 00:00:18 . Memory (MB): peak = 3022.902 ; gain = 174.078 ; free physical = 6088 ; free virtual = 9648
Synthesis Optimization Complete : Time (s): cpu = 00:00:17 ; elapsed = 00:00:19 . Memory (MB): peak = 3022.910 ; gain = 267.828 ; free physical = 6088 ; free virtual = 9648
INFO: [Project 1-571] Translating synthesized netlist
Netlist sorting complete. Time (s): cpu = 00:00:00 ; elapsed = 00:00:00 . Memory (MB): peak = 3022.910 ; gain = 0.000 ; free physical = 6082 ; free virtual = 9643
INFO: [Netlist 29-17] Analyzing 1 Unisim elements for replacement
INFO: [Netlist 29-28] Unisim Transformation completed in 0 CPU seconds
INFO: [Project 1-570] Preparing netlist for logic optimization
INFO: [Opt 31-138] Pushed 0 inverter(s) to 0 load pin(s).
Netlist sorting complete. Time (s): cpu = 00:00:00 ; elapsed = 00:00:00 . Memory (MB): peak = 3058.590 ; gain = 0.000 ; free physical = 6119 ; free virtual = 9680
INFO: [Project 1-111] Unisim Transformation Summary:
  A total of 1 instances were transformed.
  IBUFDS => IBUFDS (DIFFINBUF, IBUFCTRL): 1 instance 

Synth Design complete, checksum: dcada94f
INFO: [Common 17-83] Releasing license: Synthesis
27 Infos, 140 Warnings, 0 Critical Warnings and 0 Errors encountered.
synth_design completed successfully
synth_design: Time (s): cpu = 00:00:27 ; elapsed = 00:00:24 . Memory (MB): peak = 3058.590 ; gain = 311.520 ; free physical = 6313 ; free virtual = 9874
INFO: [Common 17-1381] The checkpoint '/home/chris/workspace/sp22-e520-lab-assignment7-ychen0223/part1/UART_LED_Subsystem.runs/UART_LED_Subsystem_util_ds_buf_0_0_synth_1/UART_LED_Subsystem_util_ds_buf_0_0.dcp' has been generated.
INFO: [Coretcl 2-1648] Added synthesis output to IP cache for IP UART_LED_Subsystem_util_ds_buf_0_0, cache-ID = b2c546a7b67f1dee
INFO: [Common 17-1381] The checkpoint '/home/chris/workspace/sp22-e520-lab-assignment7-ychen0223/part1/UART_LED_Subsystem.runs/UART_LED_Subsystem_util_ds_buf_0_0_synth_1/UART_LED_Subsystem_util_ds_buf_0_0.dcp' has been generated.
INFO: [runtcl-4] Executing : report_utilization -file UART_LED_Subsystem_util_ds_buf_0_0_utilization_synth.rpt -pb UART_LED_Subsystem_util_ds_buf_0_0_utilization_synth.pb
INFO: [Common 17-206] Exiting Vivado at Thu Apr 14 13:44:52 2022...
